{"numFailedTestSuites":1,"numFailedTests":26,"numPassedTestSuites":0,"numPassedTests":3,"numPendingTestSuites":0,"numPendingTests":0,"numRuntimeErrorTestSuites":0,"numTodoTests":0,"numTotalTestSuites":1,"numTotalTests":29,"openHandles":[],"snapshot":{"added":0,"didUpdate":false,"failure":false,"filesAdded":0,"filesRemoved":0,"filesRemovedList":[],"filesUnmatched":0,"filesUpdated":0,"matched":0,"total":0,"unchecked":0,"uncheckedKeysByFile":[],"unmatched":0,"updated":0},"startTime":1763528994698,"success":false,"testResults":[{"assertionResults":[{"ancestorTitles":["Laboratorio 3 - Formulario de registro a PUCE Banco","1. Estructura HTML básica (1 punto)"],"duration":53,"failureDetails":[],"failureMessages":[],"fullName":"Laboratorio 3 - Formulario de registro a PUCE Banco 1. Estructura HTML básica (1 punto) Debe tener la estructura DOCTYPE y etiquetas html, head y body","invocations":1,"location":null,"numPassingAsserts":4,"retryReasons":[],"status":"passed","title":"Debe tener la estructura DOCTYPE y etiquetas html, head y body"},{"ancestorTitles":["Laboratorio 3 - Formulario de registro a PUCE Banco","1. Estructura HTML básica (1 punto)"],"duration":12,"failureDetails":[],"failureMessages":[],"fullName":"Laboratorio 3 - Formulario de registro a PUCE Banco 1. Estructura HTML básica (1 punto) Debe tener el charset UTF-8 y viewport configurado","invocations":1,"location":null,"numPassingAsserts":2,"retryReasons":[],"status":"passed","title":"Debe tener el charset UTF-8 y viewport configurado"},{"ancestorTitles":["Laboratorio 3 - Formulario de registro a PUCE Banco","1. Estructura HTML básica (1 punto)"],"duration":9,"failureDetails":[],"failureMessages":[],"fullName":"Laboratorio 3 - Formulario de registro a PUCE Banco 1. Estructura HTML básica (1 punto) Debe tener un título en el head","invocations":1,"location":null,"numPassingAsserts":1,"retryReasons":[],"status":"passed","title":"Debe tener un título en el head"},{"ancestorTitles":["Laboratorio 3 - Formulario de registro a PUCE Banco","2. Título y encabezado (0.5 puntos)"],"duration":19,"failureDetails":[{"matcherResult":{"message":"\u001b[2mexpect(\u001b[22m\u001b[31mreceived\u001b[39m\u001b[2m).\u001b[22mtoBeTruthy\u001b[2m()\u001b[22m\n\nReceived: \u001b[31mundefined\u001b[39m","pass":false}}],"failureMessages":["Error: \u001b[2mexpect(\u001b[22m\u001b[31mreceived\u001b[39m\u001b[2m).\u001b[22mtoBeTruthy\u001b[2m()\u001b[22m\n\nReceived: \u001b[31mundefined\u001b[39m\n    at Object.toBeTruthy (/Users/pabloperezmartinez/Sites/PUCETEC/Introduccion_Desarrollo_Web/template_labs/lab3-template/tests/form.test.js:48:28)\n    at Promise.then.completed (/Users/pabloperezmartinez/Sites/PUCETEC/Introduccion_Desarrollo_Web/template_labs/lab3-template/node_modules/jest-circus/build/utils.js:298:28)\n    at new Promise (<anonymous>)\n    at callAsyncCircusFn (/Users/pabloperezmartinez/Sites/PUCETEC/Introduccion_Desarrollo_Web/template_labs/lab3-template/node_modules/jest-circus/build/utils.js:231:10)\n    at _callCircusTest (/Users/pabloperezmartinez/Sites/PUCETEC/Introduccion_Desarrollo_Web/template_labs/lab3-template/node_modules/jest-circus/build/run.js:316:40)\n    at processTicksAndRejections (node:internal/process/task_queues:105:5)\n    at _runTest (/Users/pabloperezmartinez/Sites/PUCETEC/Introduccion_Desarrollo_Web/template_labs/lab3-template/node_modules/jest-circus/build/run.js:252:3)\n    at _runTestsForDescribeBlock (/Users/pabloperezmartinez/Sites/PUCETEC/Introduccion_Desarrollo_Web/template_labs/lab3-template/node_modules/jest-circus/build/run.js:126:9)\n    at _runTestsForDescribeBlock (/Users/pabloperezmartinez/Sites/PUCETEC/Introduccion_Desarrollo_Web/template_labs/lab3-template/node_modules/jest-circus/build/run.js:121:9)\n    at _runTestsForDescribeBlock (/Users/pabloperezmartinez/Sites/PUCETEC/Introduccion_Desarrollo_Web/template_labs/lab3-template/node_modules/jest-circus/build/run.js:121:9)\n    at run (/Users/pabloperezmartinez/Sites/PUCETEC/Introduccion_Desarrollo_Web/template_labs/lab3-template/node_modules/jest-circus/build/run.js:71:3)\n    at runAndTransformResultsToJestFormat (/Users/pabloperezmartinez/Sites/PUCETEC/Introduccion_Desarrollo_Web/template_labs/lab3-template/node_modules/jest-circus/build/legacy-code-todo-rewrite/jestAdapterInit.js:122:21)\n    at jestAdapter (/Users/pabloperezmartinez/Sites/PUCETEC/Introduccion_Desarrollo_Web/template_labs/lab3-template/node_modules/jest-circus/build/legacy-code-todo-rewrite/jestAdapter.js:79:19)\n    at runTestInternal (/Users/pabloperezmartinez/Sites/PUCETEC/Introduccion_Desarrollo_Web/template_labs/lab3-template/node_modules/jest-runner/build/runTest.js:367:16)\n    at runTest (/Users/pabloperezmartinez/Sites/PUCETEC/Introduccion_Desarrollo_Web/template_labs/lab3-template/node_modules/jest-runner/build/runTest.js:444:34)"],"fullName":"Laboratorio 3 - Formulario de registro a PUCE Banco 2. Título y encabezado (0.5 puntos) Debe tener un h1 con el título del formulario","invocations":1,"location":null,"numPassingAsserts":1,"retryReasons":[],"status":"failed","title":"Debe tener un h1 con el título del formulario"},{"ancestorTitles":["Laboratorio 3 - Formulario de registro a PUCE Banco","3. Formulario existe (0.5 puntos)"],"duration":11,"failureDetails":[{"matcherResult":{"message":"\u001b[2mexpect(\u001b[22m\u001b[31mreceived\u001b[39m\u001b[2m).\u001b[22mtoBeTruthy\u001b[2m()\u001b[22m\n\nReceived: \u001b[31mnull\u001b[39m","pass":false}}],"failureMessages":["Error: \u001b[2mexpect(\u001b[22m\u001b[31mreceived\u001b[39m\u001b[2m).\u001b[22mtoBeTruthy\u001b[2m()\u001b[22m\n\nReceived: \u001b[31mnull\u001b[39m\n    at Object.toBeTruthy (/Users/pabloperezmartinez/Sites/PUCETEC/Introduccion_Desarrollo_Web/template_labs/lab3-template/tests/form.test.js:56:20)\n    at Promise.then.completed (/Users/pabloperezmartinez/Sites/PUCETEC/Introduccion_Desarrollo_Web/template_labs/lab3-template/node_modules/jest-circus/build/utils.js:298:28)\n    at new Promise (<anonymous>)\n    at callAsyncCircusFn (/Users/pabloperezmartinez/Sites/PUCETEC/Introduccion_Desarrollo_Web/template_labs/lab3-template/node_modules/jest-circus/build/utils.js:231:10)\n    at _callCircusTest (/Users/pabloperezmartinez/Sites/PUCETEC/Introduccion_Desarrollo_Web/template_labs/lab3-template/node_modules/jest-circus/build/run.js:316:40)\n    at processTicksAndRejections (node:internal/process/task_queues:105:5)\n    at _runTest (/Users/pabloperezmartinez/Sites/PUCETEC/Introduccion_Desarrollo_Web/template_labs/lab3-template/node_modules/jest-circus/build/run.js:252:3)\n    at _runTestsForDescribeBlock (/Users/pabloperezmartinez/Sites/PUCETEC/Introduccion_Desarrollo_Web/template_labs/lab3-template/node_modules/jest-circus/build/run.js:126:9)\n    at _runTestsForDescribeBlock (/Users/pabloperezmartinez/Sites/PUCETEC/Introduccion_Desarrollo_Web/template_labs/lab3-template/node_modules/jest-circus/build/run.js:121:9)\n    at _runTestsForDescribeBlock (/Users/pabloperezmartinez/Sites/PUCETEC/Introduccion_Desarrollo_Web/template_labs/lab3-template/node_modules/jest-circus/build/run.js:121:9)\n    at run (/Users/pabloperezmartinez/Sites/PUCETEC/Introduccion_Desarrollo_Web/template_labs/lab3-template/node_modules/jest-circus/build/run.js:71:3)\n    at runAndTransformResultsToJestFormat (/Users/pabloperezmartinez/Sites/PUCETEC/Introduccion_Desarrollo_Web/template_labs/lab3-template/node_modules/jest-circus/build/legacy-code-todo-rewrite/jestAdapterInit.js:122:21)\n    at jestAdapter (/Users/pabloperezmartinez/Sites/PUCETEC/Introduccion_Desarrollo_Web/template_labs/lab3-template/node_modules/jest-circus/build/legacy-code-todo-rewrite/jestAdapter.js:79:19)\n    at runTestInternal (/Users/pabloperezmartinez/Sites/PUCETEC/Introduccion_Desarrollo_Web/template_labs/lab3-template/node_modules/jest-runner/build/runTest.js:367:16)\n    at runTest (/Users/pabloperezmartinez/Sites/PUCETEC/Introduccion_Desarrollo_Web/template_labs/lab3-template/node_modules/jest-runner/build/runTest.js:444:34)"],"fullName":"Laboratorio 3 - Formulario de registro a PUCE Banco 3. Formulario existe (0.5 puntos) Debe existir un elemento form","invocations":1,"location":null,"numPassingAsserts":0,"retryReasons":[],"status":"failed","title":"Debe existir un elemento form"},{"ancestorTitles":["Laboratorio 3 - Formulario de registro a PUCE Banco","3. Formulario existe (0.5 puntos)"],"duration":8,"failureDetails":[{}],"failureMessages":["TypeError: Cannot read properties of null (reading 'hasAttribute')\n    at Object.hasAttribute (/Users/pabloperezmartinez/Sites/PUCETEC/Introduccion_Desarrollo_Web/template_labs/lab3-template/tests/form.test.js:61:19)\n    at Promise.then.completed (/Users/pabloperezmartinez/Sites/PUCETEC/Introduccion_Desarrollo_Web/template_labs/lab3-template/node_modules/jest-circus/build/utils.js:298:28)\n    at new Promise (<anonymous>)\n    at callAsyncCircusFn (/Users/pabloperezmartinez/Sites/PUCETEC/Introduccion_Desarrollo_Web/template_labs/lab3-template/node_modules/jest-circus/build/utils.js:231:10)\n    at _callCircusTest (/Users/pabloperezmartinez/Sites/PUCETEC/Introduccion_Desarrollo_Web/template_labs/lab3-template/node_modules/jest-circus/build/run.js:316:40)\n    at processTicksAndRejections (node:internal/process/task_queues:105:5)\n    at _runTest (/Users/pabloperezmartinez/Sites/PUCETEC/Introduccion_Desarrollo_Web/template_labs/lab3-template/node_modules/jest-circus/build/run.js:252:3)\n    at _runTestsForDescribeBlock (/Users/pabloperezmartinez/Sites/PUCETEC/Introduccion_Desarrollo_Web/template_labs/lab3-template/node_modules/jest-circus/build/run.js:126:9)\n    at _runTestsForDescribeBlock (/Users/pabloperezmartinez/Sites/PUCETEC/Introduccion_Desarrollo_Web/template_labs/lab3-template/node_modules/jest-circus/build/run.js:121:9)\n    at _runTestsForDescribeBlock (/Users/pabloperezmartinez/Sites/PUCETEC/Introduccion_Desarrollo_Web/template_labs/lab3-template/node_modules/jest-circus/build/run.js:121:9)\n    at run (/Users/pabloperezmartinez/Sites/PUCETEC/Introduccion_Desarrollo_Web/template_labs/lab3-template/node_modules/jest-circus/build/run.js:71:3)\n    at runAndTransformResultsToJestFormat (/Users/pabloperezmartinez/Sites/PUCETEC/Introduccion_Desarrollo_Web/template_labs/lab3-template/node_modules/jest-circus/build/legacy-code-todo-rewrite/jestAdapterInit.js:122:21)\n    at jestAdapter (/Users/pabloperezmartinez/Sites/PUCETEC/Introduccion_Desarrollo_Web/template_labs/lab3-template/node_modules/jest-circus/build/legacy-code-todo-rewrite/jestAdapter.js:79:19)\n    at runTestInternal (/Users/pabloperezmartinez/Sites/PUCETEC/Introduccion_Desarrollo_Web/template_labs/lab3-template/node_modules/jest-runner/build/runTest.js:367:16)\n    at runTest (/Users/pabloperezmartinez/Sites/PUCETEC/Introduccion_Desarrollo_Web/template_labs/lab3-template/node_modules/jest-runner/build/runTest.js:444:34)"],"fullName":"Laboratorio 3 - Formulario de registro a PUCE Banco 3. Formulario existe (0.5 puntos) El formulario debe tener atributos action y method","invocations":1,"location":null,"numPassingAsserts":0,"retryReasons":[],"status":"failed","title":"El formulario debe tener atributos action y method"},{"ancestorTitles":["Laboratorio 3 - Formulario de registro a PUCE Banco","4. Campo Nombre (1 punto)"],"duration":7,"failureDetails":[{"matcherResult":{"message":"\u001b[2mexpect(\u001b[22m\u001b[31mreceived\u001b[39m\u001b[2m).\u001b[22mtoBeTruthy\u001b[2m()\u001b[22m\n\nReceived: \u001b[31mnull\u001b[39m","pass":false}}],"failureMessages":["Error: \u001b[2mexpect(\u001b[22m\u001b[31mreceived\u001b[39m\u001b[2m).\u001b[22mtoBeTruthy\u001b[2m()\u001b[22m\n\nReceived: \u001b[31mnull\u001b[39m\n    at Object.toBeTruthy (/Users/pabloperezmartinez/Sites/PUCETEC/Introduccion_Desarrollo_Web/template_labs/lab3-template/tests/form.test.js:70:21)\n    at Promise.then.completed (/Users/pabloperezmartinez/Sites/PUCETEC/Introduccion_Desarrollo_Web/template_labs/lab3-template/node_modules/jest-circus/build/utils.js:298:28)\n    at new Promise (<anonymous>)\n    at callAsyncCircusFn (/Users/pabloperezmartinez/Sites/PUCETEC/Introduccion_Desarrollo_Web/template_labs/lab3-template/node_modules/jest-circus/build/utils.js:231:10)\n    at _callCircusTest (/Users/pabloperezmartinez/Sites/PUCETEC/Introduccion_Desarrollo_Web/template_labs/lab3-template/node_modules/jest-circus/build/run.js:316:40)\n    at processTicksAndRejections (node:internal/process/task_queues:105:5)\n    at _runTest (/Users/pabloperezmartinez/Sites/PUCETEC/Introduccion_Desarrollo_Web/template_labs/lab3-template/node_modules/jest-circus/build/run.js:252:3)\n    at _runTestsForDescribeBlock (/Users/pabloperezmartinez/Sites/PUCETEC/Introduccion_Desarrollo_Web/template_labs/lab3-template/node_modules/jest-circus/build/run.js:126:9)\n    at _runTestsForDescribeBlock (/Users/pabloperezmartinez/Sites/PUCETEC/Introduccion_Desarrollo_Web/template_labs/lab3-template/node_modules/jest-circus/build/run.js:121:9)\n    at _runTestsForDescribeBlock (/Users/pabloperezmartinez/Sites/PUCETEC/Introduccion_Desarrollo_Web/template_labs/lab3-template/node_modules/jest-circus/build/run.js:121:9)\n    at run (/Users/pabloperezmartinez/Sites/PUCETEC/Introduccion_Desarrollo_Web/template_labs/lab3-template/node_modules/jest-circus/build/run.js:71:3)\n    at runAndTransformResultsToJestFormat (/Users/pabloperezmartinez/Sites/PUCETEC/Introduccion_Desarrollo_Web/template_labs/lab3-template/node_modules/jest-circus/build/legacy-code-todo-rewrite/jestAdapterInit.js:122:21)\n    at jestAdapter (/Users/pabloperezmartinez/Sites/PUCETEC/Introduccion_Desarrollo_Web/template_labs/lab3-template/node_modules/jest-circus/build/legacy-code-todo-rewrite/jestAdapter.js:79:19)\n    at runTestInternal (/Users/pabloperezmartinez/Sites/PUCETEC/Introduccion_Desarrollo_Web/template_labs/lab3-template/node_modules/jest-runner/build/runTest.js:367:16)\n    at runTest (/Users/pabloperezmartinez/Sites/PUCETEC/Introduccion_Desarrollo_Web/template_labs/lab3-template/node_modules/jest-runner/build/runTest.js:444:34)"],"fullName":"Laboratorio 3 - Formulario de registro a PUCE Banco 4. Campo Nombre (1 punto) Debe existir un input con id=\"nombre\"","invocations":1,"location":null,"numPassingAsserts":0,"retryReasons":[],"status":"failed","title":"Debe existir un input con id=\"nombre\""},{"ancestorTitles":["Laboratorio 3 - Formulario de registro a PUCE Banco","4. Campo Nombre (1 punto)"],"duration":7,"failureDetails":[{}],"failureMessages":["TypeError: Cannot read properties of null (reading 'getAttribute')\n    at Object.getAttribute (/Users/pabloperezmartinez/Sites/PUCETEC/Introduccion_Desarrollo_Web/template_labs/lab3-template/tests/form.test.js:76:20)\n    at Promise.then.completed (/Users/pabloperezmartinez/Sites/PUCETEC/Introduccion_Desarrollo_Web/template_labs/lab3-template/node_modules/jest-circus/build/utils.js:298:28)\n    at new Promise (<anonymous>)\n    at callAsyncCircusFn (/Users/pabloperezmartinez/Sites/PUCETEC/Introduccion_Desarrollo_Web/template_labs/lab3-template/node_modules/jest-circus/build/utils.js:231:10)\n    at _callCircusTest (/Users/pabloperezmartinez/Sites/PUCETEC/Introduccion_Desarrollo_Web/template_labs/lab3-template/node_modules/jest-circus/build/run.js:316:40)\n    at processTicksAndRejections (node:internal/process/task_queues:105:5)\n    at _runTest (/Users/pabloperezmartinez/Sites/PUCETEC/Introduccion_Desarrollo_Web/template_labs/lab3-template/node_modules/jest-circus/build/run.js:252:3)\n    at _runTestsForDescribeBlock (/Users/pabloperezmartinez/Sites/PUCETEC/Introduccion_Desarrollo_Web/template_labs/lab3-template/node_modules/jest-circus/build/run.js:126:9)\n    at _runTestsForDescribeBlock (/Users/pabloperezmartinez/Sites/PUCETEC/Introduccion_Desarrollo_Web/template_labs/lab3-template/node_modules/jest-circus/build/run.js:121:9)\n    at _runTestsForDescribeBlock (/Users/pabloperezmartinez/Sites/PUCETEC/Introduccion_Desarrollo_Web/template_labs/lab3-template/node_modules/jest-circus/build/run.js:121:9)\n    at run (/Users/pabloperezmartinez/Sites/PUCETEC/Introduccion_Desarrollo_Web/template_labs/lab3-template/node_modules/jest-circus/build/run.js:71:3)\n    at runAndTransformResultsToJestFormat (/Users/pabloperezmartinez/Sites/PUCETEC/Introduccion_Desarrollo_Web/template_labs/lab3-template/node_modules/jest-circus/build/legacy-code-todo-rewrite/jestAdapterInit.js:122:21)\n    at jestAdapter (/Users/pabloperezmartinez/Sites/PUCETEC/Introduccion_Desarrollo_Web/template_labs/lab3-template/node_modules/jest-circus/build/legacy-code-todo-rewrite/jestAdapter.js:79:19)\n    at runTestInternal (/Users/pabloperezmartinez/Sites/PUCETEC/Introduccion_Desarrollo_Web/template_labs/lab3-template/node_modules/jest-runner/build/runTest.js:367:16)\n    at runTest (/Users/pabloperezmartinez/Sites/PUCETEC/Introduccion_Desarrollo_Web/template_labs/lab3-template/node_modules/jest-runner/build/runTest.js:444:34)"],"fullName":"Laboratorio 3 - Formulario de registro a PUCE Banco 4. Campo Nombre (1 punto) El input debe tener type=\"text\" y atributo required","invocations":1,"location":null,"numPassingAsserts":0,"retryReasons":[],"status":"failed","title":"El input debe tener type=\"text\" y atributo required"},{"ancestorTitles":["Laboratorio 3 - Formulario de registro a PUCE Banco","4. Campo Nombre (1 punto)"],"duration":10,"failureDetails":[{"matcherResult":{"message":"\u001b[2mexpect(\u001b[22m\u001b[31mreceived\u001b[39m\u001b[2m).\u001b[22mtoBeTruthy\u001b[2m()\u001b[22m\n\nReceived: \u001b[31mnull\u001b[39m","pass":false}}],"failureMessages":["Error: \u001b[2mexpect(\u001b[22m\u001b[31mreceived\u001b[39m\u001b[2m).\u001b[22mtoBeTruthy\u001b[2m()\u001b[22m\n\nReceived: \u001b[31mnull\u001b[39m\n    at Object.toBeTruthy (/Users/pabloperezmartinez/Sites/PUCETEC/Introduccion_Desarrollo_Web/template_labs/lab3-template/tests/form.test.js:82:21)\n    at Promise.then.completed (/Users/pabloperezmartinez/Sites/PUCETEC/Introduccion_Desarrollo_Web/template_labs/lab3-template/node_modules/jest-circus/build/utils.js:298:28)\n    at new Promise (<anonymous>)\n    at callAsyncCircusFn (/Users/pabloperezmartinez/Sites/PUCETEC/Introduccion_Desarrollo_Web/template_labs/lab3-template/node_modules/jest-circus/build/utils.js:231:10)\n    at _callCircusTest (/Users/pabloperezmartinez/Sites/PUCETEC/Introduccion_Desarrollo_Web/template_labs/lab3-template/node_modules/jest-circus/build/run.js:316:40)\n    at processTicksAndRejections (node:internal/process/task_queues:105:5)\n    at _runTest (/Users/pabloperezmartinez/Sites/PUCETEC/Introduccion_Desarrollo_Web/template_labs/lab3-template/node_modules/jest-circus/build/run.js:252:3)\n    at _runTestsForDescribeBlock (/Users/pabloperezmartinez/Sites/PUCETEC/Introduccion_Desarrollo_Web/template_labs/lab3-template/node_modules/jest-circus/build/run.js:126:9)\n    at _runTestsForDescribeBlock (/Users/pabloperezmartinez/Sites/PUCETEC/Introduccion_Desarrollo_Web/template_labs/lab3-template/node_modules/jest-circus/build/run.js:121:9)\n    at _runTestsForDescribeBlock (/Users/pabloperezmartinez/Sites/PUCETEC/Introduccion_Desarrollo_Web/template_labs/lab3-template/node_modules/jest-circus/build/run.js:121:9)\n    at run (/Users/pabloperezmartinez/Sites/PUCETEC/Introduccion_Desarrollo_Web/template_labs/lab3-template/node_modules/jest-circus/build/run.js:71:3)\n    at runAndTransformResultsToJestFormat (/Users/pabloperezmartinez/Sites/PUCETEC/Introduccion_Desarrollo_Web/template_labs/lab3-template/node_modules/jest-circus/build/legacy-code-todo-rewrite/jestAdapterInit.js:122:21)\n    at jestAdapter (/Users/pabloperezmartinez/Sites/PUCETEC/Introduccion_Desarrollo_Web/template_labs/lab3-template/node_modules/jest-circus/build/legacy-code-todo-rewrite/jestAdapter.js:79:19)\n    at runTestInternal (/Users/pabloperezmartinez/Sites/PUCETEC/Introduccion_Desarrollo_Web/template_labs/lab3-template/node_modules/jest-runner/build/runTest.js:367:16)\n    at runTest (/Users/pabloperezmartinez/Sites/PUCETEC/Introduccion_Desarrollo_Web/template_labs/lab3-template/node_modules/jest-runner/build/runTest.js:444:34)"],"fullName":"Laboratorio 3 - Formulario de registro a PUCE Banco 4. Campo Nombre (1 punto) Debe existir un label asociado al campo nombre","invocations":1,"location":null,"numPassingAsserts":0,"retryReasons":[],"status":"failed","title":"Debe existir un label asociado al campo nombre"},{"ancestorTitles":["Laboratorio 3 - Formulario de registro a PUCE Banco","5. Campos Apellidos (1 punto)"],"duration":32,"failureDetails":[{"matcherResult":{"message":"\u001b[2mexpect(\u001b[22m\u001b[31mreceived\u001b[39m\u001b[2m).\u001b[22mtoBeTruthy\u001b[2m()\u001b[22m\n\nReceived: \u001b[31mnull\u001b[39m","pass":false}}],"failureMessages":["Error: \u001b[2mexpect(\u001b[22m\u001b[31mreceived\u001b[39m\u001b[2m).\u001b[22mtoBeTruthy\u001b[2m()\u001b[22m\n\nReceived: \u001b[31mnull\u001b[39m\n    at Object.toBeTruthy (/Users/pabloperezmartinez/Sites/PUCETEC/Introduccion_Desarrollo_Web/template_labs/lab3-template/tests/form.test.js:90:21)\n    at Promise.then.completed (/Users/pabloperezmartinez/Sites/PUCETEC/Introduccion_Desarrollo_Web/template_labs/lab3-template/node_modules/jest-circus/build/utils.js:298:28)\n    at new Promise (<anonymous>)\n    at callAsyncCircusFn (/Users/pabloperezmartinez/Sites/PUCETEC/Introduccion_Desarrollo_Web/template_labs/lab3-template/node_modules/jest-circus/build/utils.js:231:10)\n    at _callCircusTest (/Users/pabloperezmartinez/Sites/PUCETEC/Introduccion_Desarrollo_Web/template_labs/lab3-template/node_modules/jest-circus/build/run.js:316:40)\n    at processTicksAndRejections (node:internal/process/task_queues:105:5)\n    at _runTest (/Users/pabloperezmartinez/Sites/PUCETEC/Introduccion_Desarrollo_Web/template_labs/lab3-template/node_modules/jest-circus/build/run.js:252:3)\n    at _runTestsForDescribeBlock (/Users/pabloperezmartinez/Sites/PUCETEC/Introduccion_Desarrollo_Web/template_labs/lab3-template/node_modules/jest-circus/build/run.js:126:9)\n    at _runTestsForDescribeBlock (/Users/pabloperezmartinez/Sites/PUCETEC/Introduccion_Desarrollo_Web/template_labs/lab3-template/node_modules/jest-circus/build/run.js:121:9)\n    at _runTestsForDescribeBlock (/Users/pabloperezmartinez/Sites/PUCETEC/Introduccion_Desarrollo_Web/template_labs/lab3-template/node_modules/jest-circus/build/run.js:121:9)\n    at run (/Users/pabloperezmartinez/Sites/PUCETEC/Introduccion_Desarrollo_Web/template_labs/lab3-template/node_modules/jest-circus/build/run.js:71:3)\n    at runAndTransformResultsToJestFormat (/Users/pabloperezmartinez/Sites/PUCETEC/Introduccion_Desarrollo_Web/template_labs/lab3-template/node_modules/jest-circus/build/legacy-code-todo-rewrite/jestAdapterInit.js:122:21)\n    at jestAdapter (/Users/pabloperezmartinez/Sites/PUCETEC/Introduccion_Desarrollo_Web/template_labs/lab3-template/node_modules/jest-circus/build/legacy-code-todo-rewrite/jestAdapter.js:79:19)\n    at runTestInternal (/Users/pabloperezmartinez/Sites/PUCETEC/Introduccion_Desarrollo_Web/template_labs/lab3-template/node_modules/jest-runner/build/runTest.js:367:16)\n    at runTest (/Users/pabloperezmartinez/Sites/PUCETEC/Introduccion_Desarrollo_Web/template_labs/lab3-template/node_modules/jest-runner/build/runTest.js:444:34)"],"fullName":"Laboratorio 3 - Formulario de registro a PUCE Banco 5. Campos Apellidos (1 punto) Debe existir input con id=\"apellidoPaterno\"","invocations":1,"location":null,"numPassingAsserts":0,"retryReasons":[],"status":"failed","title":"Debe existir input con id=\"apellidoPaterno\""},{"ancestorTitles":["Laboratorio 3 - Formulario de registro a PUCE Banco","5. Campos Apellidos (1 punto)"],"duration":5,"failureDetails":[{"matcherResult":{"message":"\u001b[2mexpect(\u001b[22m\u001b[31mreceived\u001b[39m\u001b[2m).\u001b[22mtoBeTruthy\u001b[2m()\u001b[22m\n\nReceived: \u001b[31mnull\u001b[39m","pass":false}}],"failureMessages":["Error: \u001b[2mexpect(\u001b[22m\u001b[31mreceived\u001b[39m\u001b[2m).\u001b[22mtoBeTruthy\u001b[2m()\u001b[22m\n\nReceived: \u001b[31mnull\u001b[39m\n    at Object.toBeTruthy (/Users/pabloperezmartinez/Sites/PUCETEC/Introduccion_Desarrollo_Web/template_labs/lab3-template/tests/form.test.js:97:21)\n    at Promise.then.completed (/Users/pabloperezmartinez/Sites/PUCETEC/Introduccion_Desarrollo_Web/template_labs/lab3-template/node_modules/jest-circus/build/utils.js:298:28)\n    at new Promise (<anonymous>)\n    at callAsyncCircusFn (/Users/pabloperezmartinez/Sites/PUCETEC/Introduccion_Desarrollo_Web/template_labs/lab3-template/node_modules/jest-circus/build/utils.js:231:10)\n    at _callCircusTest (/Users/pabloperezmartinez/Sites/PUCETEC/Introduccion_Desarrollo_Web/template_labs/lab3-template/node_modules/jest-circus/build/run.js:316:40)\n    at processTicksAndRejections (node:internal/process/task_queues:105:5)\n    at _runTest (/Users/pabloperezmartinez/Sites/PUCETEC/Introduccion_Desarrollo_Web/template_labs/lab3-template/node_modules/jest-circus/build/run.js:252:3)\n    at _runTestsForDescribeBlock (/Users/pabloperezmartinez/Sites/PUCETEC/Introduccion_Desarrollo_Web/template_labs/lab3-template/node_modules/jest-circus/build/run.js:126:9)\n    at _runTestsForDescribeBlock (/Users/pabloperezmartinez/Sites/PUCETEC/Introduccion_Desarrollo_Web/template_labs/lab3-template/node_modules/jest-circus/build/run.js:121:9)\n    at _runTestsForDescribeBlock (/Users/pabloperezmartinez/Sites/PUCETEC/Introduccion_Desarrollo_Web/template_labs/lab3-template/node_modules/jest-circus/build/run.js:121:9)\n    at run (/Users/pabloperezmartinez/Sites/PUCETEC/Introduccion_Desarrollo_Web/template_labs/lab3-template/node_modules/jest-circus/build/run.js:71:3)\n    at runAndTransformResultsToJestFormat (/Users/pabloperezmartinez/Sites/PUCETEC/Introduccion_Desarrollo_Web/template_labs/lab3-template/node_modules/jest-circus/build/legacy-code-todo-rewrite/jestAdapterInit.js:122:21)\n    at jestAdapter (/Users/pabloperezmartinez/Sites/PUCETEC/Introduccion_Desarrollo_Web/template_labs/lab3-template/node_modules/jest-circus/build/legacy-code-todo-rewrite/jestAdapter.js:79:19)\n    at runTestInternal (/Users/pabloperezmartinez/Sites/PUCETEC/Introduccion_Desarrollo_Web/template_labs/lab3-template/node_modules/jest-runner/build/runTest.js:367:16)\n    at runTest (/Users/pabloperezmartinez/Sites/PUCETEC/Introduccion_Desarrollo_Web/template_labs/lab3-template/node_modules/jest-runner/build/runTest.js:444:34)"],"fullName":"Laboratorio 3 - Formulario de registro a PUCE Banco 5. Campos Apellidos (1 punto) Debe existir input con id=\"apellidoMaterno\"","invocations":1,"location":null,"numPassingAsserts":0,"retryReasons":[],"status":"failed","title":"Debe existir input con id=\"apellidoMaterno\""},{"ancestorTitles":["Laboratorio 3 - Formulario de registro a PUCE Banco","5. Campos Apellidos (1 punto)"],"duration":8,"failureDetails":[{"matcherResult":{"message":"\u001b[2mexpect(\u001b[22m\u001b[31mreceived\u001b[39m\u001b[2m).\u001b[22mtoBeTruthy\u001b[2m()\u001b[22m\n\nReceived: \u001b[31mnull\u001b[39m","pass":false}}],"failureMessages":["Error: \u001b[2mexpect(\u001b[22m\u001b[31mreceived\u001b[39m\u001b[2m).\u001b[22mtoBeTruthy\u001b[2m()\u001b[22m\n\nReceived: \u001b[31mnull\u001b[39m\n    at Object.toBeTruthy (/Users/pabloperezmartinez/Sites/PUCETEC/Introduccion_Desarrollo_Web/template_labs/lab3-template/tests/form.test.js:105:28)\n    at Promise.then.completed (/Users/pabloperezmartinez/Sites/PUCETEC/Introduccion_Desarrollo_Web/template_labs/lab3-template/node_modules/jest-circus/build/utils.js:298:28)\n    at new Promise (<anonymous>)\n    at callAsyncCircusFn (/Users/pabloperezmartinez/Sites/PUCETEC/Introduccion_Desarrollo_Web/template_labs/lab3-template/node_modules/jest-circus/build/utils.js:231:10)\n    at _callCircusTest (/Users/pabloperezmartinez/Sites/PUCETEC/Introduccion_Desarrollo_Web/template_labs/lab3-template/node_modules/jest-circus/build/run.js:316:40)\n    at processTicksAndRejections (node:internal/process/task_queues:105:5)\n    at _runTest (/Users/pabloperezmartinez/Sites/PUCETEC/Introduccion_Desarrollo_Web/template_labs/lab3-template/node_modules/jest-circus/build/run.js:252:3)\n    at _runTestsForDescribeBlock (/Users/pabloperezmartinez/Sites/PUCETEC/Introduccion_Desarrollo_Web/template_labs/lab3-template/node_modules/jest-circus/build/run.js:126:9)\n    at _runTestsForDescribeBlock (/Users/pabloperezmartinez/Sites/PUCETEC/Introduccion_Desarrollo_Web/template_labs/lab3-template/node_modules/jest-circus/build/run.js:121:9)\n    at _runTestsForDescribeBlock (/Users/pabloperezmartinez/Sites/PUCETEC/Introduccion_Desarrollo_Web/template_labs/lab3-template/node_modules/jest-circus/build/run.js:121:9)\n    at run (/Users/pabloperezmartinez/Sites/PUCETEC/Introduccion_Desarrollo_Web/template_labs/lab3-template/node_modules/jest-circus/build/run.js:71:3)\n    at runAndTransformResultsToJestFormat (/Users/pabloperezmartinez/Sites/PUCETEC/Introduccion_Desarrollo_Web/template_labs/lab3-template/node_modules/jest-circus/build/legacy-code-todo-rewrite/jestAdapterInit.js:122:21)\n    at jestAdapter (/Users/pabloperezmartinez/Sites/PUCETEC/Introduccion_Desarrollo_Web/template_labs/lab3-template/node_modules/jest-circus/build/legacy-code-todo-rewrite/jestAdapter.js:79:19)\n    at runTestInternal (/Users/pabloperezmartinez/Sites/PUCETEC/Introduccion_Desarrollo_Web/template_labs/lab3-template/node_modules/jest-runner/build/runTest.js:367:16)\n    at runTest (/Users/pabloperezmartinez/Sites/PUCETEC/Introduccion_Desarrollo_Web/template_labs/lab3-template/node_modules/jest-runner/build/runTest.js:444:34)"],"fullName":"Laboratorio 3 - Formulario de registro a PUCE Banco 5. Campos Apellidos (1 punto) Deben existir labels para apellido paterno y materno","invocations":1,"location":null,"numPassingAsserts":0,"retryReasons":[],"status":"failed","title":"Deben existir labels para apellido paterno y materno"},{"ancestorTitles":["Laboratorio 3 - Formulario de registro a PUCE Banco","6. Campo Cédula (1 punto)"],"duration":9,"failureDetails":[{"matcherResult":{"message":"\u001b[2mexpect(\u001b[22m\u001b[31mreceived\u001b[39m\u001b[2m).\u001b[22mtoBeTruthy\u001b[2m()\u001b[22m\n\nReceived: \u001b[31mnull\u001b[39m","pass":false}}],"failureMessages":["Error: \u001b[2mexpect(\u001b[22m\u001b[31mreceived\u001b[39m\u001b[2m).\u001b[22mtoBeTruthy\u001b[2m()\u001b[22m\n\nReceived: \u001b[31mnull\u001b[39m\n    at Object.toBeTruthy (/Users/pabloperezmartinez/Sites/PUCETEC/Introduccion_Desarrollo_Web/template_labs/lab3-template/tests/form.test.js:114:21)\n    at Promise.then.completed (/Users/pabloperezmartinez/Sites/PUCETEC/Introduccion_Desarrollo_Web/template_labs/lab3-template/node_modules/jest-circus/build/utils.js:298:28)\n    at new Promise (<anonymous>)\n    at callAsyncCircusFn (/Users/pabloperezmartinez/Sites/PUCETEC/Introduccion_Desarrollo_Web/template_labs/lab3-template/node_modules/jest-circus/build/utils.js:231:10)\n    at _callCircusTest (/Users/pabloperezmartinez/Sites/PUCETEC/Introduccion_Desarrollo_Web/template_labs/lab3-template/node_modules/jest-circus/build/run.js:316:40)\n    at processTicksAndRejections (node:internal/process/task_queues:105:5)\n    at _runTest (/Users/pabloperezmartinez/Sites/PUCETEC/Introduccion_Desarrollo_Web/template_labs/lab3-template/node_modules/jest-circus/build/run.js:252:3)\n    at _runTestsForDescribeBlock (/Users/pabloperezmartinez/Sites/PUCETEC/Introduccion_Desarrollo_Web/template_labs/lab3-template/node_modules/jest-circus/build/run.js:126:9)\n    at _runTestsForDescribeBlock (/Users/pabloperezmartinez/Sites/PUCETEC/Introduccion_Desarrollo_Web/template_labs/lab3-template/node_modules/jest-circus/build/run.js:121:9)\n    at _runTestsForDescribeBlock (/Users/pabloperezmartinez/Sites/PUCETEC/Introduccion_Desarrollo_Web/template_labs/lab3-template/node_modules/jest-circus/build/run.js:121:9)\n    at run (/Users/pabloperezmartinez/Sites/PUCETEC/Introduccion_Desarrollo_Web/template_labs/lab3-template/node_modules/jest-circus/build/run.js:71:3)\n    at runAndTransformResultsToJestFormat (/Users/pabloperezmartinez/Sites/PUCETEC/Introduccion_Desarrollo_Web/template_labs/lab3-template/node_modules/jest-circus/build/legacy-code-todo-rewrite/jestAdapterInit.js:122:21)\n    at jestAdapter (/Users/pabloperezmartinez/Sites/PUCETEC/Introduccion_Desarrollo_Web/template_labs/lab3-template/node_modules/jest-circus/build/legacy-code-todo-rewrite/jestAdapter.js:79:19)\n    at runTestInternal (/Users/pabloperezmartinez/Sites/PUCETEC/Introduccion_Desarrollo_Web/template_labs/lab3-template/node_modules/jest-runner/build/runTest.js:367:16)\n    at runTest (/Users/pabloperezmartinez/Sites/PUCETEC/Introduccion_Desarrollo_Web/template_labs/lab3-template/node_modules/jest-runner/build/runTest.js:444:34)"],"fullName":"Laboratorio 3 - Formulario de registro a PUCE Banco 6. Campo Cédula (1 punto) Debe existir input con id=\"cedula\"","invocations":1,"location":null,"numPassingAsserts":0,"retryReasons":[],"status":"failed","title":"Debe existir input con id=\"cedula\""},{"ancestorTitles":["Laboratorio 3 - Formulario de registro a PUCE Banco","6. Campo Cédula (1 punto)"],"duration":6,"failureDetails":[{"matcherResult":{"message":"\u001b[2mexpect(\u001b[22m\u001b[31mreceived\u001b[39m\u001b[2m).\u001b[22mtoBeTruthy\u001b[2m()\u001b[22m\n\nReceived: \u001b[31mnull\u001b[39m","pass":false}}],"failureMessages":["Error: \u001b[2mexpect(\u001b[22m\u001b[31mreceived\u001b[39m\u001b[2m).\u001b[22mtoBeTruthy\u001b[2m()\u001b[22m\n\nReceived: \u001b[31mnull\u001b[39m\n    at Object.toBeTruthy (/Users/pabloperezmartinez/Sites/PUCETEC/Introduccion_Desarrollo_Web/template_labs/lab3-template/tests/form.test.js:120:21)\n    at Promise.then.completed (/Users/pabloperezmartinez/Sites/PUCETEC/Introduccion_Desarrollo_Web/template_labs/lab3-template/node_modules/jest-circus/build/utils.js:298:28)\n    at new Promise (<anonymous>)\n    at callAsyncCircusFn (/Users/pabloperezmartinez/Sites/PUCETEC/Introduccion_Desarrollo_Web/template_labs/lab3-template/node_modules/jest-circus/build/utils.js:231:10)\n    at _callCircusTest (/Users/pabloperezmartinez/Sites/PUCETEC/Introduccion_Desarrollo_Web/template_labs/lab3-template/node_modules/jest-circus/build/run.js:316:40)\n    at processTicksAndRejections (node:internal/process/task_queues:105:5)\n    at _runTest (/Users/pabloperezmartinez/Sites/PUCETEC/Introduccion_Desarrollo_Web/template_labs/lab3-template/node_modules/jest-circus/build/run.js:252:3)\n    at _runTestsForDescribeBlock (/Users/pabloperezmartinez/Sites/PUCETEC/Introduccion_Desarrollo_Web/template_labs/lab3-template/node_modules/jest-circus/build/run.js:126:9)\n    at _runTestsForDescribeBlock (/Users/pabloperezmartinez/Sites/PUCETEC/Introduccion_Desarrollo_Web/template_labs/lab3-template/node_modules/jest-circus/build/run.js:121:9)\n    at _runTestsForDescribeBlock (/Users/pabloperezmartinez/Sites/PUCETEC/Introduccion_Desarrollo_Web/template_labs/lab3-template/node_modules/jest-circus/build/run.js:121:9)\n    at run (/Users/pabloperezmartinez/Sites/PUCETEC/Introduccion_Desarrollo_Web/template_labs/lab3-template/node_modules/jest-circus/build/run.js:71:3)\n    at runAndTransformResultsToJestFormat (/Users/pabloperezmartinez/Sites/PUCETEC/Introduccion_Desarrollo_Web/template_labs/lab3-template/node_modules/jest-circus/build/legacy-code-todo-rewrite/jestAdapterInit.js:122:21)\n    at jestAdapter (/Users/pabloperezmartinez/Sites/PUCETEC/Introduccion_Desarrollo_Web/template_labs/lab3-template/node_modules/jest-circus/build/legacy-code-todo-rewrite/jestAdapter.js:79:19)\n    at runTestInternal (/Users/pabloperezmartinez/Sites/PUCETEC/Introduccion_Desarrollo_Web/template_labs/lab3-template/node_modules/jest-runner/build/runTest.js:367:16)\n    at runTest (/Users/pabloperezmartinez/Sites/PUCETEC/Introduccion_Desarrollo_Web/template_labs/lab3-template/node_modules/jest-runner/build/runTest.js:444:34)"],"fullName":"Laboratorio 3 - Formulario de registro a PUCE Banco 6. Campo Cédula (1 punto) Debe existir un label asociado al campo cédula","invocations":1,"location":null,"numPassingAsserts":0,"retryReasons":[],"status":"failed","title":"Debe existir un label asociado al campo cédula"},{"ancestorTitles":["Laboratorio 3 - Formulario de registro a PUCE Banco","7. Campo Motivo de apertura (1 punto)"],"duration":4,"failureDetails":[{"matcherResult":{"message":"\u001b[2mexpect(\u001b[22m\u001b[31mreceived\u001b[39m\u001b[2m).\u001b[22mtoBeTruthy\u001b[2m()\u001b[22m\n\nReceived: \u001b[31mnull\u001b[39m","pass":false}}],"failureMessages":["Error: \u001b[2mexpect(\u001b[22m\u001b[31mreceived\u001b[39m\u001b[2m).\u001b[22mtoBeTruthy\u001b[2m()\u001b[22m\n\nReceived: \u001b[31mnull\u001b[39m\n    at Object.toBeTruthy (/Users/pabloperezmartinez/Sites/PUCETEC/Introduccion_Desarrollo_Web/template_labs/lab3-template/tests/form.test.js:128:24)\n    at Promise.then.completed (/Users/pabloperezmartinez/Sites/PUCETEC/Introduccion_Desarrollo_Web/template_labs/lab3-template/node_modules/jest-circus/build/utils.js:298:28)\n    at new Promise (<anonymous>)\n    at callAsyncCircusFn (/Users/pabloperezmartinez/Sites/PUCETEC/Introduccion_Desarrollo_Web/template_labs/lab3-template/node_modules/jest-circus/build/utils.js:231:10)\n    at _callCircusTest (/Users/pabloperezmartinez/Sites/PUCETEC/Introduccion_Desarrollo_Web/template_labs/lab3-template/node_modules/jest-circus/build/run.js:316:40)\n    at processTicksAndRejections (node:internal/process/task_queues:105:5)\n    at _runTest (/Users/pabloperezmartinez/Sites/PUCETEC/Introduccion_Desarrollo_Web/template_labs/lab3-template/node_modules/jest-circus/build/run.js:252:3)\n    at _runTestsForDescribeBlock (/Users/pabloperezmartinez/Sites/PUCETEC/Introduccion_Desarrollo_Web/template_labs/lab3-template/node_modules/jest-circus/build/run.js:126:9)\n    at _runTestsForDescribeBlock (/Users/pabloperezmartinez/Sites/PUCETEC/Introduccion_Desarrollo_Web/template_labs/lab3-template/node_modules/jest-circus/build/run.js:121:9)\n    at _runTestsForDescribeBlock (/Users/pabloperezmartinez/Sites/PUCETEC/Introduccion_Desarrollo_Web/template_labs/lab3-template/node_modules/jest-circus/build/run.js:121:9)\n    at run (/Users/pabloperezmartinez/Sites/PUCETEC/Introduccion_Desarrollo_Web/template_labs/lab3-template/node_modules/jest-circus/build/run.js:71:3)\n    at runAndTransformResultsToJestFormat (/Users/pabloperezmartinez/Sites/PUCETEC/Introduccion_Desarrollo_Web/template_labs/lab3-template/node_modules/jest-circus/build/legacy-code-todo-rewrite/jestAdapterInit.js:122:21)\n    at jestAdapter (/Users/pabloperezmartinez/Sites/PUCETEC/Introduccion_Desarrollo_Web/template_labs/lab3-template/node_modules/jest-circus/build/legacy-code-todo-rewrite/jestAdapter.js:79:19)\n    at runTestInternal (/Users/pabloperezmartinez/Sites/PUCETEC/Introduccion_Desarrollo_Web/template_labs/lab3-template/node_modules/jest-runner/build/runTest.js:367:16)\n    at runTest (/Users/pabloperezmartinez/Sites/PUCETEC/Introduccion_Desarrollo_Web/template_labs/lab3-template/node_modules/jest-runner/build/runTest.js:444:34)"],"fullName":"Laboratorio 3 - Formulario de registro a PUCE Banco 7. Campo Motivo de apertura (1 punto) Debe existir textarea con id=\"motivo\"","invocations":1,"location":null,"numPassingAsserts":0,"retryReasons":[],"status":"failed","title":"Debe existir textarea con id=\"motivo\""},{"ancestorTitles":["Laboratorio 3 - Formulario de registro a PUCE Banco","7. Campo Motivo de apertura (1 punto)"],"duration":3,"failureDetails":[{"matcherResult":{"message":"\u001b[2mexpect(\u001b[22m\u001b[31mreceived\u001b[39m\u001b[2m).\u001b[22mtoBeTruthy\u001b[2m()\u001b[22m\n\nReceived: \u001b[31mnull\u001b[39m","pass":false}}],"failureMessages":["Error: \u001b[2mexpect(\u001b[22m\u001b[31mreceived\u001b[39m\u001b[2m).\u001b[22mtoBeTruthy\u001b[2m()\u001b[22m\n\nReceived: \u001b[31mnull\u001b[39m\n    at Object.toBeTruthy (/Users/pabloperezmartinez/Sites/PUCETEC/Introduccion_Desarrollo_Web/template_labs/lab3-template/tests/form.test.js:135:21)\n    at Promise.then.completed (/Users/pabloperezmartinez/Sites/PUCETEC/Introduccion_Desarrollo_Web/template_labs/lab3-template/node_modules/jest-circus/build/utils.js:298:28)\n    at new Promise (<anonymous>)\n    at callAsyncCircusFn (/Users/pabloperezmartinez/Sites/PUCETEC/Introduccion_Desarrollo_Web/template_labs/lab3-template/node_modules/jest-circus/build/utils.js:231:10)\n    at _callCircusTest (/Users/pabloperezmartinez/Sites/PUCETEC/Introduccion_Desarrollo_Web/template_labs/lab3-template/node_modules/jest-circus/build/run.js:316:40)\n    at processTicksAndRejections (node:internal/process/task_queues:105:5)\n    at _runTest (/Users/pabloperezmartinez/Sites/PUCETEC/Introduccion_Desarrollo_Web/template_labs/lab3-template/node_modules/jest-circus/build/run.js:252:3)\n    at _runTestsForDescribeBlock (/Users/pabloperezmartinez/Sites/PUCETEC/Introduccion_Desarrollo_Web/template_labs/lab3-template/node_modules/jest-circus/build/run.js:126:9)\n    at _runTestsForDescribeBlock (/Users/pabloperezmartinez/Sites/PUCETEC/Introduccion_Desarrollo_Web/template_labs/lab3-template/node_modules/jest-circus/build/run.js:121:9)\n    at _runTestsForDescribeBlock (/Users/pabloperezmartinez/Sites/PUCETEC/Introduccion_Desarrollo_Web/template_labs/lab3-template/node_modules/jest-circus/build/run.js:121:9)\n    at run (/Users/pabloperezmartinez/Sites/PUCETEC/Introduccion_Desarrollo_Web/template_labs/lab3-template/node_modules/jest-circus/build/run.js:71:3)\n    at runAndTransformResultsToJestFormat (/Users/pabloperezmartinez/Sites/PUCETEC/Introduccion_Desarrollo_Web/template_labs/lab3-template/node_modules/jest-circus/build/legacy-code-todo-rewrite/jestAdapterInit.js:122:21)\n    at jestAdapter (/Users/pabloperezmartinez/Sites/PUCETEC/Introduccion_Desarrollo_Web/template_labs/lab3-template/node_modules/jest-circus/build/legacy-code-todo-rewrite/jestAdapter.js:79:19)\n    at runTestInternal (/Users/pabloperezmartinez/Sites/PUCETEC/Introduccion_Desarrollo_Web/template_labs/lab3-template/node_modules/jest-runner/build/runTest.js:367:16)\n    at runTest (/Users/pabloperezmartinez/Sites/PUCETEC/Introduccion_Desarrollo_Web/template_labs/lab3-template/node_modules/jest-runner/build/runTest.js:444:34)"],"fullName":"Laboratorio 3 - Formulario de registro a PUCE Banco 7. Campo Motivo de apertura (1 punto) Debe existir un label asociado al textarea motivo","invocations":1,"location":null,"numPassingAsserts":0,"retryReasons":[],"status":"failed","title":"Debe existir un label asociado al textarea motivo"},{"ancestorTitles":["Laboratorio 3 - Formulario de registro a PUCE Banco","8. Campo Tipo de cuenta (1 punto)"],"duration":4,"failureDetails":[{"matcherResult":{"message":"\u001b[2mexpect(\u001b[22m\u001b[31mreceived\u001b[39m\u001b[2m).\u001b[22mtoBeTruthy\u001b[2m()\u001b[22m\n\nReceived: \u001b[31mnull\u001b[39m","pass":false}}],"failureMessages":["Error: \u001b[2mexpect(\u001b[22m\u001b[31mreceived\u001b[39m\u001b[2m).\u001b[22mtoBeTruthy\u001b[2m()\u001b[22m\n\nReceived: \u001b[31mnull\u001b[39m\n    at Object.toBeTruthy (/Users/pabloperezmartinez/Sites/PUCETEC/Introduccion_Desarrollo_Web/template_labs/lab3-template/tests/form.test.js:143:22)\n    at Promise.then.completed (/Users/pabloperezmartinez/Sites/PUCETEC/Introduccion_Desarrollo_Web/template_labs/lab3-template/node_modules/jest-circus/build/utils.js:298:28)\n    at new Promise (<anonymous>)\n    at callAsyncCircusFn (/Users/pabloperezmartinez/Sites/PUCETEC/Introduccion_Desarrollo_Web/template_labs/lab3-template/node_modules/jest-circus/build/utils.js:231:10)\n    at _callCircusTest (/Users/pabloperezmartinez/Sites/PUCETEC/Introduccion_Desarrollo_Web/template_labs/lab3-template/node_modules/jest-circus/build/run.js:316:40)\n    at processTicksAndRejections (node:internal/process/task_queues:105:5)\n    at _runTest (/Users/pabloperezmartinez/Sites/PUCETEC/Introduccion_Desarrollo_Web/template_labs/lab3-template/node_modules/jest-circus/build/run.js:252:3)\n    at _runTestsForDescribeBlock (/Users/pabloperezmartinez/Sites/PUCETEC/Introduccion_Desarrollo_Web/template_labs/lab3-template/node_modules/jest-circus/build/run.js:126:9)\n    at _runTestsForDescribeBlock (/Users/pabloperezmartinez/Sites/PUCETEC/Introduccion_Desarrollo_Web/template_labs/lab3-template/node_modules/jest-circus/build/run.js:121:9)\n    at _runTestsForDescribeBlock (/Users/pabloperezmartinez/Sites/PUCETEC/Introduccion_Desarrollo_Web/template_labs/lab3-template/node_modules/jest-circus/build/run.js:121:9)\n    at run (/Users/pabloperezmartinez/Sites/PUCETEC/Introduccion_Desarrollo_Web/template_labs/lab3-template/node_modules/jest-circus/build/run.js:71:3)\n    at runAndTransformResultsToJestFormat (/Users/pabloperezmartinez/Sites/PUCETEC/Introduccion_Desarrollo_Web/template_labs/lab3-template/node_modules/jest-circus/build/legacy-code-todo-rewrite/jestAdapterInit.js:122:21)\n    at jestAdapter (/Users/pabloperezmartinez/Sites/PUCETEC/Introduccion_Desarrollo_Web/template_labs/lab3-template/node_modules/jest-circus/build/legacy-code-todo-rewrite/jestAdapter.js:79:19)\n    at runTestInternal (/Users/pabloperezmartinez/Sites/PUCETEC/Introduccion_Desarrollo_Web/template_labs/lab3-template/node_modules/jest-runner/build/runTest.js:367:16)\n    at runTest (/Users/pabloperezmartinez/Sites/PUCETEC/Introduccion_Desarrollo_Web/template_labs/lab3-template/node_modules/jest-runner/build/runTest.js:444:34)"],"fullName":"Laboratorio 3 - Formulario de registro a PUCE Banco 8. Campo Tipo de cuenta (1 punto) Debe existir select con id=\"tipoCuenta\"","invocations":1,"location":null,"numPassingAsserts":0,"retryReasons":[],"status":"failed","title":"Debe existir select con id=\"tipoCuenta\""},{"ancestorTitles":["Laboratorio 3 - Formulario de registro a PUCE Banco","8. Campo Tipo de cuenta (1 punto)"],"duration":5,"failureDetails":[{"matcherResult":{"message":"\u001b[2mexpect(\u001b[22m\u001b[31mreceived\u001b[39m\u001b[2m).\u001b[22mtoBeGreaterThanOrEqual\u001b[2m(\u001b[22m\u001b[32mexpected\u001b[39m\u001b[2m)\u001b[22m\n\nExpected: >= \u001b[32m3\u001b[39m\nReceived:    \u001b[31m0\u001b[39m","pass":false}}],"failureMessages":["Error: \u001b[2mexpect(\u001b[22m\u001b[31mreceived\u001b[39m\u001b[2m).\u001b[22mtoBeGreaterThanOrEqual\u001b[2m(\u001b[22m\u001b[32mexpected\u001b[39m\u001b[2m)\u001b[22m\n\nExpected: >= \u001b[32m3\u001b[39m\nReceived:    \u001b[31m0\u001b[39m\n    at Object.toBeGreaterThanOrEqual (/Users/pabloperezmartinez/Sites/PUCETEC/Introduccion_Desarrollo_Web/template_labs/lab3-template/tests/form.test.js:150:30)\n    at Promise.then.completed (/Users/pabloperezmartinez/Sites/PUCETEC/Introduccion_Desarrollo_Web/template_labs/lab3-template/node_modules/jest-circus/build/utils.js:298:28)\n    at new Promise (<anonymous>)\n    at callAsyncCircusFn (/Users/pabloperezmartinez/Sites/PUCETEC/Introduccion_Desarrollo_Web/template_labs/lab3-template/node_modules/jest-circus/build/utils.js:231:10)\n    at _callCircusTest (/Users/pabloperezmartinez/Sites/PUCETEC/Introduccion_Desarrollo_Web/template_labs/lab3-template/node_modules/jest-circus/build/run.js:316:40)\n    at processTicksAndRejections (node:internal/process/task_queues:105:5)\n    at _runTest (/Users/pabloperezmartinez/Sites/PUCETEC/Introduccion_Desarrollo_Web/template_labs/lab3-template/node_modules/jest-circus/build/run.js:252:3)\n    at _runTestsForDescribeBlock (/Users/pabloperezmartinez/Sites/PUCETEC/Introduccion_Desarrollo_Web/template_labs/lab3-template/node_modules/jest-circus/build/run.js:126:9)\n    at _runTestsForDescribeBlock (/Users/pabloperezmartinez/Sites/PUCETEC/Introduccion_Desarrollo_Web/template_labs/lab3-template/node_modules/jest-circus/build/run.js:121:9)\n    at _runTestsForDescribeBlock (/Users/pabloperezmartinez/Sites/PUCETEC/Introduccion_Desarrollo_Web/template_labs/lab3-template/node_modules/jest-circus/build/run.js:121:9)\n    at run (/Users/pabloperezmartinez/Sites/PUCETEC/Introduccion_Desarrollo_Web/template_labs/lab3-template/node_modules/jest-circus/build/run.js:71:3)\n    at runAndTransformResultsToJestFormat (/Users/pabloperezmartinez/Sites/PUCETEC/Introduccion_Desarrollo_Web/template_labs/lab3-template/node_modules/jest-circus/build/legacy-code-todo-rewrite/jestAdapterInit.js:122:21)\n    at jestAdapter (/Users/pabloperezmartinez/Sites/PUCETEC/Introduccion_Desarrollo_Web/template_labs/lab3-template/node_modules/jest-circus/build/legacy-code-todo-rewrite/jestAdapter.js:79:19)\n    at runTestInternal (/Users/pabloperezmartinez/Sites/PUCETEC/Introduccion_Desarrollo_Web/template_labs/lab3-template/node_modules/jest-runner/build/runTest.js:367:16)\n    at runTest (/Users/pabloperezmartinez/Sites/PUCETEC/Introduccion_Desarrollo_Web/template_labs/lab3-template/node_modules/jest-runner/build/runTest.js:444:34)"],"fullName":"Laboratorio 3 - Formulario de registro a PUCE Banco 8. Campo Tipo de cuenta (1 punto) El select debe tener opciones para Ahorros y Corriente","invocations":1,"location":null,"numPassingAsserts":0,"retryReasons":[],"status":"failed","title":"El select debe tener opciones para Ahorros y Corriente"},{"ancestorTitles":["Laboratorio 3 - Formulario de registro a PUCE Banco","8. Campo Tipo de cuenta (1 punto)"],"duration":4,"failureDetails":[{"matcherResult":{"message":"\u001b[2mexpect(\u001b[22m\u001b[31mreceived\u001b[39m\u001b[2m).\u001b[22mtoBeTruthy\u001b[2m()\u001b[22m\n\nReceived: \u001b[31mnull\u001b[39m","pass":false}}],"failureMessages":["Error: \u001b[2mexpect(\u001b[22m\u001b[31mreceived\u001b[39m\u001b[2m).\u001b[22mtoBeTruthy\u001b[2m()\u001b[22m\n\nReceived: \u001b[31mnull\u001b[39m\n    at Object.toBeTruthy (/Users/pabloperezmartinez/Sites/PUCETEC/Introduccion_Desarrollo_Web/template_labs/lab3-template/tests/form.test.js:159:21)\n    at Promise.then.completed (/Users/pabloperezmartinez/Sites/PUCETEC/Introduccion_Desarrollo_Web/template_labs/lab3-template/node_modules/jest-circus/build/utils.js:298:28)\n    at new Promise (<anonymous>)\n    at callAsyncCircusFn (/Users/pabloperezmartinez/Sites/PUCETEC/Introduccion_Desarrollo_Web/template_labs/lab3-template/node_modules/jest-circus/build/utils.js:231:10)\n    at _callCircusTest (/Users/pabloperezmartinez/Sites/PUCETEC/Introduccion_Desarrollo_Web/template_labs/lab3-template/node_modules/jest-circus/build/run.js:316:40)\n    at processTicksAndRejections (node:internal/process/task_queues:105:5)\n    at _runTest (/Users/pabloperezmartinez/Sites/PUCETEC/Introduccion_Desarrollo_Web/template_labs/lab3-template/node_modules/jest-circus/build/run.js:252:3)\n    at _runTestsForDescribeBlock (/Users/pabloperezmartinez/Sites/PUCETEC/Introduccion_Desarrollo_Web/template_labs/lab3-template/node_modules/jest-circus/build/run.js:126:9)\n    at _runTestsForDescribeBlock (/Users/pabloperezmartinez/Sites/PUCETEC/Introduccion_Desarrollo_Web/template_labs/lab3-template/node_modules/jest-circus/build/run.js:121:9)\n    at _runTestsForDescribeBlock (/Users/pabloperezmartinez/Sites/PUCETEC/Introduccion_Desarrollo_Web/template_labs/lab3-template/node_modules/jest-circus/build/run.js:121:9)\n    at run (/Users/pabloperezmartinez/Sites/PUCETEC/Introduccion_Desarrollo_Web/template_labs/lab3-template/node_modules/jest-circus/build/run.js:71:3)\n    at runAndTransformResultsToJestFormat (/Users/pabloperezmartinez/Sites/PUCETEC/Introduccion_Desarrollo_Web/template_labs/lab3-template/node_modules/jest-circus/build/legacy-code-todo-rewrite/jestAdapterInit.js:122:21)\n    at jestAdapter (/Users/pabloperezmartinez/Sites/PUCETEC/Introduccion_Desarrollo_Web/template_labs/lab3-template/node_modules/jest-circus/build/legacy-code-todo-rewrite/jestAdapter.js:79:19)\n    at runTestInternal (/Users/pabloperezmartinez/Sites/PUCETEC/Introduccion_Desarrollo_Web/template_labs/lab3-template/node_modules/jest-runner/build/runTest.js:367:16)\n    at runTest (/Users/pabloperezmartinez/Sites/PUCETEC/Introduccion_Desarrollo_Web/template_labs/lab3-template/node_modules/jest-runner/build/runTest.js:444:34)"],"fullName":"Laboratorio 3 - Formulario de registro a PUCE Banco 8. Campo Tipo de cuenta (1 punto) Debe existir un label asociado al select","invocations":1,"location":null,"numPassingAsserts":0,"retryReasons":[],"status":"failed","title":"Debe existir un label asociado al select"},{"ancestorTitles":["Laboratorio 3 - Formulario de registro a PUCE Banco","9. Campos de Dirección de domicilio (1 punto)"],"duration":5,"failureDetails":[{"matcherResult":{"message":"\u001b[2mexpect(\u001b[22m\u001b[31mreceived\u001b[39m\u001b[2m).\u001b[22mtoBeTruthy\u001b[2m()\u001b[22m\n\nReceived: \u001b[31mnull\u001b[39m","pass":false}}],"failureMessages":["Error: \u001b[2mexpect(\u001b[22m\u001b[31mreceived\u001b[39m\u001b[2m).\u001b[22mtoBeTruthy\u001b[2m()\u001b[22m\n\nReceived: \u001b[31mnull\u001b[39m\n    at Object.toBeTruthy (/Users/pabloperezmartinez/Sites/PUCETEC/Introduccion_Desarrollo_Web/template_labs/lab3-template/tests/form.test.js:167:24)\n    at Promise.then.completed (/Users/pabloperezmartinez/Sites/PUCETEC/Introduccion_Desarrollo_Web/template_labs/lab3-template/node_modules/jest-circus/build/utils.js:298:28)\n    at new Promise (<anonymous>)\n    at callAsyncCircusFn (/Users/pabloperezmartinez/Sites/PUCETEC/Introduccion_Desarrollo_Web/template_labs/lab3-template/node_modules/jest-circus/build/utils.js:231:10)\n    at _callCircusTest (/Users/pabloperezmartinez/Sites/PUCETEC/Introduccion_Desarrollo_Web/template_labs/lab3-template/node_modules/jest-circus/build/run.js:316:40)\n    at processTicksAndRejections (node:internal/process/task_queues:105:5)\n    at _runTest (/Users/pabloperezmartinez/Sites/PUCETEC/Introduccion_Desarrollo_Web/template_labs/lab3-template/node_modules/jest-circus/build/run.js:252:3)\n    at _runTestsForDescribeBlock (/Users/pabloperezmartinez/Sites/PUCETEC/Introduccion_Desarrollo_Web/template_labs/lab3-template/node_modules/jest-circus/build/run.js:126:9)\n    at _runTestsForDescribeBlock (/Users/pabloperezmartinez/Sites/PUCETEC/Introduccion_Desarrollo_Web/template_labs/lab3-template/node_modules/jest-circus/build/run.js:121:9)\n    at _runTestsForDescribeBlock (/Users/pabloperezmartinez/Sites/PUCETEC/Introduccion_Desarrollo_Web/template_labs/lab3-template/node_modules/jest-circus/build/run.js:121:9)\n    at run (/Users/pabloperezmartinez/Sites/PUCETEC/Introduccion_Desarrollo_Web/template_labs/lab3-template/node_modules/jest-circus/build/run.js:71:3)\n    at runAndTransformResultsToJestFormat (/Users/pabloperezmartinez/Sites/PUCETEC/Introduccion_Desarrollo_Web/template_labs/lab3-template/node_modules/jest-circus/build/legacy-code-todo-rewrite/jestAdapterInit.js:122:21)\n    at jestAdapter (/Users/pabloperezmartinez/Sites/PUCETEC/Introduccion_Desarrollo_Web/template_labs/lab3-template/node_modules/jest-circus/build/legacy-code-todo-rewrite/jestAdapter.js:79:19)\n    at runTestInternal (/Users/pabloperezmartinez/Sites/PUCETEC/Introduccion_Desarrollo_Web/template_labs/lab3-template/node_modules/jest-runner/build/runTest.js:367:16)\n    at runTest (/Users/pabloperezmartinez/Sites/PUCETEC/Introduccion_Desarrollo_Web/template_labs/lab3-template/node_modules/jest-runner/build/runTest.js:444:34)"],"fullName":"Laboratorio 3 - Formulario de registro a PUCE Banco 9. Campos de Dirección de domicilio (1 punto) Debe existir fieldset con legend para dirección","invocations":1,"location":null,"numPassingAsserts":0,"retryReasons":[],"status":"failed","title":"Debe existir fieldset con legend para dirección"},{"ancestorTitles":["Laboratorio 3 - Formulario de registro a PUCE Banco","9. Campos de Dirección de domicilio (1 punto)"],"duration":5,"failureDetails":[{"matcherResult":{"message":"\u001b[2mexpect(\u001b[22m\u001b[31mreceived\u001b[39m\u001b[2m).\u001b[22mtoBeTruthy\u001b[2m()\u001b[22m\n\nReceived: \u001b[31mnull\u001b[39m","pass":false}}],"failureMessages":["Error: \u001b[2mexpect(\u001b[22m\u001b[31mreceived\u001b[39m\u001b[2m).\u001b[22mtoBeTruthy\u001b[2m()\u001b[22m\n\nReceived: \u001b[31mnull\u001b[39m\n    at Object.toBeTruthy (/Users/pabloperezmartinez/Sites/PUCETEC/Introduccion_Desarrollo_Web/template_labs/lab3-template/tests/form.test.js:176:21)\n    at Promise.then.completed (/Users/pabloperezmartinez/Sites/PUCETEC/Introduccion_Desarrollo_Web/template_labs/lab3-template/node_modules/jest-circus/build/utils.js:298:28)\n    at new Promise (<anonymous>)\n    at callAsyncCircusFn (/Users/pabloperezmartinez/Sites/PUCETEC/Introduccion_Desarrollo_Web/template_labs/lab3-template/node_modules/jest-circus/build/utils.js:231:10)\n    at _callCircusTest (/Users/pabloperezmartinez/Sites/PUCETEC/Introduccion_Desarrollo_Web/template_labs/lab3-template/node_modules/jest-circus/build/run.js:316:40)\n    at processTicksAndRejections (node:internal/process/task_queues:105:5)\n    at _runTest (/Users/pabloperezmartinez/Sites/PUCETEC/Introduccion_Desarrollo_Web/template_labs/lab3-template/node_modules/jest-circus/build/run.js:252:3)\n    at _runTestsForDescribeBlock (/Users/pabloperezmartinez/Sites/PUCETEC/Introduccion_Desarrollo_Web/template_labs/lab3-template/node_modules/jest-circus/build/run.js:126:9)\n    at _runTestsForDescribeBlock (/Users/pabloperezmartinez/Sites/PUCETEC/Introduccion_Desarrollo_Web/template_labs/lab3-template/node_modules/jest-circus/build/run.js:121:9)\n    at _runTestsForDescribeBlock (/Users/pabloperezmartinez/Sites/PUCETEC/Introduccion_Desarrollo_Web/template_labs/lab3-template/node_modules/jest-circus/build/run.js:121:9)\n    at run (/Users/pabloperezmartinez/Sites/PUCETEC/Introduccion_Desarrollo_Web/template_labs/lab3-template/node_modules/jest-circus/build/run.js:71:3)\n    at runAndTransformResultsToJestFormat (/Users/pabloperezmartinez/Sites/PUCETEC/Introduccion_Desarrollo_Web/template_labs/lab3-template/node_modules/jest-circus/build/legacy-code-todo-rewrite/jestAdapterInit.js:122:21)\n    at jestAdapter (/Users/pabloperezmartinez/Sites/PUCETEC/Introduccion_Desarrollo_Web/template_labs/lab3-template/node_modules/jest-circus/build/legacy-code-todo-rewrite/jestAdapter.js:79:19)\n    at runTestInternal (/Users/pabloperezmartinez/Sites/PUCETEC/Introduccion_Desarrollo_Web/template_labs/lab3-template/node_modules/jest-runner/build/runTest.js:367:16)\n    at runTest (/Users/pabloperezmartinez/Sites/PUCETEC/Introduccion_Desarrollo_Web/template_labs/lab3-template/node_modules/jest-runner/build/runTest.js:444:34)"],"fullName":"Laboratorio 3 - Formulario de registro a PUCE Banco 9. Campos de Dirección de domicilio (1 punto) Debe existir input con id=\"calle\"","invocations":1,"location":null,"numPassingAsserts":0,"retryReasons":[],"status":"failed","title":"Debe existir input con id=\"calle\""},{"ancestorTitles":["Laboratorio 3 - Formulario de registro a PUCE Banco","9. Campos de Dirección de domicilio (1 punto)"],"duration":4,"failureDetails":[{"matcherResult":{"message":"\u001b[2mexpect(\u001b[22m\u001b[31mreceived\u001b[39m\u001b[2m).\u001b[22mtoBeTruthy\u001b[2m()\u001b[22m\n\nReceived: \u001b[31mnull\u001b[39m","pass":false}}],"failureMessages":["Error: \u001b[2mexpect(\u001b[22m\u001b[31mreceived\u001b[39m\u001b[2m).\u001b[22mtoBeTruthy\u001b[2m()\u001b[22m\n\nReceived: \u001b[31mnull\u001b[39m\n    at Object.toBeTruthy (/Users/pabloperezmartinez/Sites/PUCETEC/Introduccion_Desarrollo_Web/template_labs/lab3-template/tests/form.test.js:182:21)\n    at Promise.then.completed (/Users/pabloperezmartinez/Sites/PUCETEC/Introduccion_Desarrollo_Web/template_labs/lab3-template/node_modules/jest-circus/build/utils.js:298:28)\n    at new Promise (<anonymous>)\n    at callAsyncCircusFn (/Users/pabloperezmartinez/Sites/PUCETEC/Introduccion_Desarrollo_Web/template_labs/lab3-template/node_modules/jest-circus/build/utils.js:231:10)\n    at _callCircusTest (/Users/pabloperezmartinez/Sites/PUCETEC/Introduccion_Desarrollo_Web/template_labs/lab3-template/node_modules/jest-circus/build/run.js:316:40)\n    at processTicksAndRejections (node:internal/process/task_queues:105:5)\n    at _runTest (/Users/pabloperezmartinez/Sites/PUCETEC/Introduccion_Desarrollo_Web/template_labs/lab3-template/node_modules/jest-circus/build/run.js:252:3)\n    at _runTestsForDescribeBlock (/Users/pabloperezmartinez/Sites/PUCETEC/Introduccion_Desarrollo_Web/template_labs/lab3-template/node_modules/jest-circus/build/run.js:126:9)\n    at _runTestsForDescribeBlock (/Users/pabloperezmartinez/Sites/PUCETEC/Introduccion_Desarrollo_Web/template_labs/lab3-template/node_modules/jest-circus/build/run.js:121:9)\n    at _runTestsForDescribeBlock (/Users/pabloperezmartinez/Sites/PUCETEC/Introduccion_Desarrollo_Web/template_labs/lab3-template/node_modules/jest-circus/build/run.js:121:9)\n    at run (/Users/pabloperezmartinez/Sites/PUCETEC/Introduccion_Desarrollo_Web/template_labs/lab3-template/node_modules/jest-circus/build/run.js:71:3)\n    at runAndTransformResultsToJestFormat (/Users/pabloperezmartinez/Sites/PUCETEC/Introduccion_Desarrollo_Web/template_labs/lab3-template/node_modules/jest-circus/build/legacy-code-todo-rewrite/jestAdapterInit.js:122:21)\n    at jestAdapter (/Users/pabloperezmartinez/Sites/PUCETEC/Introduccion_Desarrollo_Web/template_labs/lab3-template/node_modules/jest-circus/build/legacy-code-todo-rewrite/jestAdapter.js:79:19)\n    at runTestInternal (/Users/pabloperezmartinez/Sites/PUCETEC/Introduccion_Desarrollo_Web/template_labs/lab3-template/node_modules/jest-runner/build/runTest.js:367:16)\n    at runTest (/Users/pabloperezmartinez/Sites/PUCETEC/Introduccion_Desarrollo_Web/template_labs/lab3-template/node_modules/jest-runner/build/runTest.js:444:34)"],"fullName":"Laboratorio 3 - Formulario de registro a PUCE Banco 9. Campos de Dirección de domicilio (1 punto) Debe existir input con id=\"numero\"","invocations":1,"location":null,"numPassingAsserts":0,"retryReasons":[],"status":"failed","title":"Debe existir input con id=\"numero\""},{"ancestorTitles":["Laboratorio 3 - Formulario de registro a PUCE Banco","9. Campos de Dirección de domicilio (1 punto)"],"duration":4,"failureDetails":[{"matcherResult":{"message":"\u001b[2mexpect(\u001b[22m\u001b[31mreceived\u001b[39m\u001b[2m).\u001b[22mtoBeTruthy\u001b[2m()\u001b[22m\n\nReceived: \u001b[31mnull\u001b[39m","pass":false}}],"failureMessages":["Error: \u001b[2mexpect(\u001b[22m\u001b[31mreceived\u001b[39m\u001b[2m).\u001b[22mtoBeTruthy\u001b[2m()\u001b[22m\n\nReceived: \u001b[31mnull\u001b[39m\n    at Object.toBeTruthy (/Users/pabloperezmartinez/Sites/PUCETEC/Introduccion_Desarrollo_Web/template_labs/lab3-template/tests/form.test.js:188:21)\n    at Promise.then.completed (/Users/pabloperezmartinez/Sites/PUCETEC/Introduccion_Desarrollo_Web/template_labs/lab3-template/node_modules/jest-circus/build/utils.js:298:28)\n    at new Promise (<anonymous>)\n    at callAsyncCircusFn (/Users/pabloperezmartinez/Sites/PUCETEC/Introduccion_Desarrollo_Web/template_labs/lab3-template/node_modules/jest-circus/build/utils.js:231:10)\n    at _callCircusTest (/Users/pabloperezmartinez/Sites/PUCETEC/Introduccion_Desarrollo_Web/template_labs/lab3-template/node_modules/jest-circus/build/run.js:316:40)\n    at processTicksAndRejections (node:internal/process/task_queues:105:5)\n    at _runTest (/Users/pabloperezmartinez/Sites/PUCETEC/Introduccion_Desarrollo_Web/template_labs/lab3-template/node_modules/jest-circus/build/run.js:252:3)\n    at _runTestsForDescribeBlock (/Users/pabloperezmartinez/Sites/PUCETEC/Introduccion_Desarrollo_Web/template_labs/lab3-template/node_modules/jest-circus/build/run.js:126:9)\n    at _runTestsForDescribeBlock (/Users/pabloperezmartinez/Sites/PUCETEC/Introduccion_Desarrollo_Web/template_labs/lab3-template/node_modules/jest-circus/build/run.js:121:9)\n    at _runTestsForDescribeBlock (/Users/pabloperezmartinez/Sites/PUCETEC/Introduccion_Desarrollo_Web/template_labs/lab3-template/node_modules/jest-circus/build/run.js:121:9)\n    at run (/Users/pabloperezmartinez/Sites/PUCETEC/Introduccion_Desarrollo_Web/template_labs/lab3-template/node_modules/jest-circus/build/run.js:71:3)\n    at runAndTransformResultsToJestFormat (/Users/pabloperezmartinez/Sites/PUCETEC/Introduccion_Desarrollo_Web/template_labs/lab3-template/node_modules/jest-circus/build/legacy-code-todo-rewrite/jestAdapterInit.js:122:21)\n    at jestAdapter (/Users/pabloperezmartinez/Sites/PUCETEC/Introduccion_Desarrollo_Web/template_labs/lab3-template/node_modules/jest-circus/build/legacy-code-todo-rewrite/jestAdapter.js:79:19)\n    at runTestInternal (/Users/pabloperezmartinez/Sites/PUCETEC/Introduccion_Desarrollo_Web/template_labs/lab3-template/node_modules/jest-runner/build/runTest.js:367:16)\n    at runTest (/Users/pabloperezmartinez/Sites/PUCETEC/Introduccion_Desarrollo_Web/template_labs/lab3-template/node_modules/jest-runner/build/runTest.js:444:34)"],"fullName":"Laboratorio 3 - Formulario de registro a PUCE Banco 9. Campos de Dirección de domicilio (1 punto) Debe existir input con id=\"interseccion\"","invocations":1,"location":null,"numPassingAsserts":0,"retryReasons":[],"status":"failed","title":"Debe existir input con id=\"interseccion\""},{"ancestorTitles":["Laboratorio 3 - Formulario de registro a PUCE Banco","9. Campos de Dirección de domicilio (1 punto)"],"duration":5,"failureDetails":[{"matcherResult":{"message":"\u001b[2mexpect(\u001b[22m\u001b[31mreceived\u001b[39m\u001b[2m).\u001b[22mtoBeTruthy\u001b[2m()\u001b[22m\n\nReceived: \u001b[31mnull\u001b[39m","pass":false}}],"failureMessages":["Error: \u001b[2mexpect(\u001b[22m\u001b[31mreceived\u001b[39m\u001b[2m).\u001b[22mtoBeTruthy\u001b[2m()\u001b[22m\n\nReceived: \u001b[31mnull\u001b[39m\n    at Object.toBeTruthy (/Users/pabloperezmartinez/Sites/PUCETEC/Introduccion_Desarrollo_Web/template_labs/lab3-template/tests/form.test.js:197:26)\n    at Promise.then.completed (/Users/pabloperezmartinez/Sites/PUCETEC/Introduccion_Desarrollo_Web/template_labs/lab3-template/node_modules/jest-circus/build/utils.js:298:28)\n    at new Promise (<anonymous>)\n    at callAsyncCircusFn (/Users/pabloperezmartinez/Sites/PUCETEC/Introduccion_Desarrollo_Web/template_labs/lab3-template/node_modules/jest-circus/build/utils.js:231:10)\n    at _callCircusTest (/Users/pabloperezmartinez/Sites/PUCETEC/Introduccion_Desarrollo_Web/template_labs/lab3-template/node_modules/jest-circus/build/run.js:316:40)\n    at processTicksAndRejections (node:internal/process/task_queues:105:5)\n    at _runTest (/Users/pabloperezmartinez/Sites/PUCETEC/Introduccion_Desarrollo_Web/template_labs/lab3-template/node_modules/jest-circus/build/run.js:252:3)\n    at _runTestsForDescribeBlock (/Users/pabloperezmartinez/Sites/PUCETEC/Introduccion_Desarrollo_Web/template_labs/lab3-template/node_modules/jest-circus/build/run.js:126:9)\n    at _runTestsForDescribeBlock (/Users/pabloperezmartinez/Sites/PUCETEC/Introduccion_Desarrollo_Web/template_labs/lab3-template/node_modules/jest-circus/build/run.js:121:9)\n    at _runTestsForDescribeBlock (/Users/pabloperezmartinez/Sites/PUCETEC/Introduccion_Desarrollo_Web/template_labs/lab3-template/node_modules/jest-circus/build/run.js:121:9)\n    at run (/Users/pabloperezmartinez/Sites/PUCETEC/Introduccion_Desarrollo_Web/template_labs/lab3-template/node_modules/jest-circus/build/run.js:71:3)\n    at runAndTransformResultsToJestFormat (/Users/pabloperezmartinez/Sites/PUCETEC/Introduccion_Desarrollo_Web/template_labs/lab3-template/node_modules/jest-circus/build/legacy-code-todo-rewrite/jestAdapterInit.js:122:21)\n    at jestAdapter (/Users/pabloperezmartinez/Sites/PUCETEC/Introduccion_Desarrollo_Web/template_labs/lab3-template/node_modules/jest-circus/build/legacy-code-todo-rewrite/jestAdapter.js:79:19)\n    at runTestInternal (/Users/pabloperezmartinez/Sites/PUCETEC/Introduccion_Desarrollo_Web/template_labs/lab3-template/node_modules/jest-runner/build/runTest.js:367:16)\n    at runTest (/Users/pabloperezmartinez/Sites/PUCETEC/Introduccion_Desarrollo_Web/template_labs/lab3-template/node_modules/jest-runner/build/runTest.js:444:34)"],"fullName":"Laboratorio 3 - Formulario de registro a PUCE Banco 9. Campos de Dirección de domicilio (1 punto) Deben existir labels para calle, número e intersección","invocations":1,"location":null,"numPassingAsserts":0,"retryReasons":[],"status":"failed","title":"Deben existir labels para calle, número e intersección"},{"ancestorTitles":["Laboratorio 3 - Formulario de registro a PUCE Banco","10. Campo Foto (1 punto)"],"duration":4,"failureDetails":[{"matcherResult":{"message":"\u001b[2mexpect(\u001b[22m\u001b[31mreceived\u001b[39m\u001b[2m).\u001b[22mtoBeTruthy\u001b[2m()\u001b[22m\n\nReceived: \u001b[31mnull\u001b[39m","pass":false}}],"failureMessages":["Error: \u001b[2mexpect(\u001b[22m\u001b[31mreceived\u001b[39m\u001b[2m).\u001b[22mtoBeTruthy\u001b[2m()\u001b[22m\n\nReceived: \u001b[31mnull\u001b[39m\n    at Object.toBeTruthy (/Users/pabloperezmartinez/Sites/PUCETEC/Introduccion_Desarrollo_Web/template_labs/lab3-template/tests/form.test.js:207:21)\n    at Promise.then.completed (/Users/pabloperezmartinez/Sites/PUCETEC/Introduccion_Desarrollo_Web/template_labs/lab3-template/node_modules/jest-circus/build/utils.js:298:28)\n    at new Promise (<anonymous>)\n    at callAsyncCircusFn (/Users/pabloperezmartinez/Sites/PUCETEC/Introduccion_Desarrollo_Web/template_labs/lab3-template/node_modules/jest-circus/build/utils.js:231:10)\n    at _callCircusTest (/Users/pabloperezmartinez/Sites/PUCETEC/Introduccion_Desarrollo_Web/template_labs/lab3-template/node_modules/jest-circus/build/run.js:316:40)\n    at processTicksAndRejections (node:internal/process/task_queues:105:5)\n    at _runTest (/Users/pabloperezmartinez/Sites/PUCETEC/Introduccion_Desarrollo_Web/template_labs/lab3-template/node_modules/jest-circus/build/run.js:252:3)\n    at _runTestsForDescribeBlock (/Users/pabloperezmartinez/Sites/PUCETEC/Introduccion_Desarrollo_Web/template_labs/lab3-template/node_modules/jest-circus/build/run.js:126:9)\n    at _runTestsForDescribeBlock (/Users/pabloperezmartinez/Sites/PUCETEC/Introduccion_Desarrollo_Web/template_labs/lab3-template/node_modules/jest-circus/build/run.js:121:9)\n    at _runTestsForDescribeBlock (/Users/pabloperezmartinez/Sites/PUCETEC/Introduccion_Desarrollo_Web/template_labs/lab3-template/node_modules/jest-circus/build/run.js:121:9)\n    at run (/Users/pabloperezmartinez/Sites/PUCETEC/Introduccion_Desarrollo_Web/template_labs/lab3-template/node_modules/jest-circus/build/run.js:71:3)\n    at runAndTransformResultsToJestFormat (/Users/pabloperezmartinez/Sites/PUCETEC/Introduccion_Desarrollo_Web/template_labs/lab3-template/node_modules/jest-circus/build/legacy-code-todo-rewrite/jestAdapterInit.js:122:21)\n    at jestAdapter (/Users/pabloperezmartinez/Sites/PUCETEC/Introduccion_Desarrollo_Web/template_labs/lab3-template/node_modules/jest-circus/build/legacy-code-todo-rewrite/jestAdapter.js:79:19)\n    at runTestInternal (/Users/pabloperezmartinez/Sites/PUCETEC/Introduccion_Desarrollo_Web/template_labs/lab3-template/node_modules/jest-runner/build/runTest.js:367:16)\n    at runTest (/Users/pabloperezmartinez/Sites/PUCETEC/Introduccion_Desarrollo_Web/template_labs/lab3-template/node_modules/jest-runner/build/runTest.js:444:34)"],"fullName":"Laboratorio 3 - Formulario de registro a PUCE Banco 10. Campo Foto (1 punto) Debe existir input type=\"file\" con id=\"foto\"","invocations":1,"location":null,"numPassingAsserts":0,"retryReasons":[],"status":"failed","title":"Debe existir input type=\"file\" con id=\"foto\""},{"ancestorTitles":["Laboratorio 3 - Formulario de registro a PUCE Banco","10. Campo Foto (1 punto)"],"duration":3,"failureDetails":[{}],"failureMessages":["TypeError: Cannot read properties of null (reading 'getAttribute')\n    at Object.getAttribute (/Users/pabloperezmartinez/Sites/PUCETEC/Introduccion_Desarrollo_Web/template_labs/lab3-template/tests/form.test.js:213:28)\n    at Promise.then.completed (/Users/pabloperezmartinez/Sites/PUCETEC/Introduccion_Desarrollo_Web/template_labs/lab3-template/node_modules/jest-circus/build/utils.js:298:28)\n    at new Promise (<anonymous>)\n    at callAsyncCircusFn (/Users/pabloperezmartinez/Sites/PUCETEC/Introduccion_Desarrollo_Web/template_labs/lab3-template/node_modules/jest-circus/build/utils.js:231:10)\n    at _callCircusTest (/Users/pabloperezmartinez/Sites/PUCETEC/Introduccion_Desarrollo_Web/template_labs/lab3-template/node_modules/jest-circus/build/run.js:316:40)\n    at processTicksAndRejections (node:internal/process/task_queues:105:5)\n    at _runTest (/Users/pabloperezmartinez/Sites/PUCETEC/Introduccion_Desarrollo_Web/template_labs/lab3-template/node_modules/jest-circus/build/run.js:252:3)\n    at _runTestsForDescribeBlock (/Users/pabloperezmartinez/Sites/PUCETEC/Introduccion_Desarrollo_Web/template_labs/lab3-template/node_modules/jest-circus/build/run.js:126:9)\n    at _runTestsForDescribeBlock (/Users/pabloperezmartinez/Sites/PUCETEC/Introduccion_Desarrollo_Web/template_labs/lab3-template/node_modules/jest-circus/build/run.js:121:9)\n    at _runTestsForDescribeBlock (/Users/pabloperezmartinez/Sites/PUCETEC/Introduccion_Desarrollo_Web/template_labs/lab3-template/node_modules/jest-circus/build/run.js:121:9)\n    at run (/Users/pabloperezmartinez/Sites/PUCETEC/Introduccion_Desarrollo_Web/template_labs/lab3-template/node_modules/jest-circus/build/run.js:71:3)\n    at runAndTransformResultsToJestFormat (/Users/pabloperezmartinez/Sites/PUCETEC/Introduccion_Desarrollo_Web/template_labs/lab3-template/node_modules/jest-circus/build/legacy-code-todo-rewrite/jestAdapterInit.js:122:21)\n    at jestAdapter (/Users/pabloperezmartinez/Sites/PUCETEC/Introduccion_Desarrollo_Web/template_labs/lab3-template/node_modules/jest-circus/build/legacy-code-todo-rewrite/jestAdapter.js:79:19)\n    at runTestInternal (/Users/pabloperezmartinez/Sites/PUCETEC/Introduccion_Desarrollo_Web/template_labs/lab3-template/node_modules/jest-runner/build/runTest.js:367:16)\n    at runTest (/Users/pabloperezmartinez/Sites/PUCETEC/Introduccion_Desarrollo_Web/template_labs/lab3-template/node_modules/jest-runner/build/runTest.js:444:34)"],"fullName":"Laboratorio 3 - Formulario de registro a PUCE Banco 10. Campo Foto (1 punto) El input file debe aceptar imágenes","invocations":1,"location":null,"numPassingAsserts":0,"retryReasons":[],"status":"failed","title":"El input file debe aceptar imágenes"},{"ancestorTitles":["Laboratorio 3 - Formulario de registro a PUCE Banco","10. Campo Foto (1 punto)"],"duration":4,"failureDetails":[{"matcherResult":{"message":"\u001b[2mexpect(\u001b[22m\u001b[31mreceived\u001b[39m\u001b[2m).\u001b[22mtoBeTruthy\u001b[2m()\u001b[22m\n\nReceived: \u001b[31mnull\u001b[39m","pass":false}}],"failureMessages":["Error: \u001b[2mexpect(\u001b[22m\u001b[31mreceived\u001b[39m\u001b[2m).\u001b[22mtoBeTruthy\u001b[2m()\u001b[22m\n\nReceived: \u001b[31mnull\u001b[39m\n    at Object.toBeTruthy (/Users/pabloperezmartinez/Sites/PUCETEC/Introduccion_Desarrollo_Web/template_labs/lab3-template/tests/form.test.js:220:21)\n    at Promise.then.completed (/Users/pabloperezmartinez/Sites/PUCETEC/Introduccion_Desarrollo_Web/template_labs/lab3-template/node_modules/jest-circus/build/utils.js:298:28)\n    at new Promise (<anonymous>)\n    at callAsyncCircusFn (/Users/pabloperezmartinez/Sites/PUCETEC/Introduccion_Desarrollo_Web/template_labs/lab3-template/node_modules/jest-circus/build/utils.js:231:10)\n    at _callCircusTest (/Users/pabloperezmartinez/Sites/PUCETEC/Introduccion_Desarrollo_Web/template_labs/lab3-template/node_modules/jest-circus/build/run.js:316:40)\n    at processTicksAndRejections (node:internal/process/task_queues:105:5)\n    at _runTest (/Users/pabloperezmartinez/Sites/PUCETEC/Introduccion_Desarrollo_Web/template_labs/lab3-template/node_modules/jest-circus/build/run.js:252:3)\n    at _runTestsForDescribeBlock (/Users/pabloperezmartinez/Sites/PUCETEC/Introduccion_Desarrollo_Web/template_labs/lab3-template/node_modules/jest-circus/build/run.js:126:9)\n    at _runTestsForDescribeBlock (/Users/pabloperezmartinez/Sites/PUCETEC/Introduccion_Desarrollo_Web/template_labs/lab3-template/node_modules/jest-circus/build/run.js:121:9)\n    at _runTestsForDescribeBlock (/Users/pabloperezmartinez/Sites/PUCETEC/Introduccion_Desarrollo_Web/template_labs/lab3-template/node_modules/jest-circus/build/run.js:121:9)\n    at run (/Users/pabloperezmartinez/Sites/PUCETEC/Introduccion_Desarrollo_Web/template_labs/lab3-template/node_modules/jest-circus/build/run.js:71:3)\n    at runAndTransformResultsToJestFormat (/Users/pabloperezmartinez/Sites/PUCETEC/Introduccion_Desarrollo_Web/template_labs/lab3-template/node_modules/jest-circus/build/legacy-code-todo-rewrite/jestAdapterInit.js:122:21)\n    at jestAdapter (/Users/pabloperezmartinez/Sites/PUCETEC/Introduccion_Desarrollo_Web/template_labs/lab3-template/node_modules/jest-circus/build/legacy-code-todo-rewrite/jestAdapter.js:79:19)\n    at runTestInternal (/Users/pabloperezmartinez/Sites/PUCETEC/Introduccion_Desarrollo_Web/template_labs/lab3-template/node_modules/jest-runner/build/runTest.js:367:16)\n    at runTest (/Users/pabloperezmartinez/Sites/PUCETEC/Introduccion_Desarrollo_Web/template_labs/lab3-template/node_modules/jest-runner/build/runTest.js:444:34)"],"fullName":"Laboratorio 3 - Formulario de registro a PUCE Banco 10. Campo Foto (1 punto) Debe existir un label asociado al campo foto","invocations":1,"location":null,"numPassingAsserts":0,"retryReasons":[],"status":"failed","title":"Debe existir un label asociado al campo foto"},{"ancestorTitles":["Laboratorio 3 - Formulario de registro a PUCE Banco","11. Botón Confirmar (1 punto)"],"duration":5,"failureDetails":[{"matcherResult":{"message":"\u001b[2mexpect(\u001b[22m\u001b[31mreceived\u001b[39m\u001b[2m).\u001b[22mtoBeTruthy\u001b[2m()\u001b[22m\n\nReceived: \u001b[31mnull\u001b[39m","pass":false}}],"failureMessages":["Error: \u001b[2mexpect(\u001b[22m\u001b[31mreceived\u001b[39m\u001b[2m).\u001b[22mtoBeTruthy\u001b[2m()\u001b[22m\n\nReceived: \u001b[31mnull\u001b[39m\n    at Object.toBeTruthy (/Users/pabloperezmartinez/Sites/PUCETEC/Introduccion_Desarrollo_Web/template_labs/lab3-template/tests/form.test.js:228:22)\n    at Promise.then.completed (/Users/pabloperezmartinez/Sites/PUCETEC/Introduccion_Desarrollo_Web/template_labs/lab3-template/node_modules/jest-circus/build/utils.js:298:28)\n    at new Promise (<anonymous>)\n    at callAsyncCircusFn (/Users/pabloperezmartinez/Sites/PUCETEC/Introduccion_Desarrollo_Web/template_labs/lab3-template/node_modules/jest-circus/build/utils.js:231:10)\n    at _callCircusTest (/Users/pabloperezmartinez/Sites/PUCETEC/Introduccion_Desarrollo_Web/template_labs/lab3-template/node_modules/jest-circus/build/run.js:316:40)\n    at processTicksAndRejections (node:internal/process/task_queues:105:5)\n    at _runTest (/Users/pabloperezmartinez/Sites/PUCETEC/Introduccion_Desarrollo_Web/template_labs/lab3-template/node_modules/jest-circus/build/run.js:252:3)\n    at _runTestsForDescribeBlock (/Users/pabloperezmartinez/Sites/PUCETEC/Introduccion_Desarrollo_Web/template_labs/lab3-template/node_modules/jest-circus/build/run.js:126:9)\n    at _runTestsForDescribeBlock (/Users/pabloperezmartinez/Sites/PUCETEC/Introduccion_Desarrollo_Web/template_labs/lab3-template/node_modules/jest-circus/build/run.js:121:9)\n    at _runTestsForDescribeBlock (/Users/pabloperezmartinez/Sites/PUCETEC/Introduccion_Desarrollo_Web/template_labs/lab3-template/node_modules/jest-circus/build/run.js:121:9)\n    at run (/Users/pabloperezmartinez/Sites/PUCETEC/Introduccion_Desarrollo_Web/template_labs/lab3-template/node_modules/jest-circus/build/run.js:71:3)\n    at runAndTransformResultsToJestFormat (/Users/pabloperezmartinez/Sites/PUCETEC/Introduccion_Desarrollo_Web/template_labs/lab3-template/node_modules/jest-circus/build/legacy-code-todo-rewrite/jestAdapterInit.js:122:21)\n    at jestAdapter (/Users/pabloperezmartinez/Sites/PUCETEC/Introduccion_Desarrollo_Web/template_labs/lab3-template/node_modules/jest-circus/build/legacy-code-todo-rewrite/jestAdapter.js:79:19)\n    at runTestInternal (/Users/pabloperezmartinez/Sites/PUCETEC/Introduccion_Desarrollo_Web/template_labs/lab3-template/node_modules/jest-runner/build/runTest.js:367:16)\n    at runTest (/Users/pabloperezmartinez/Sites/PUCETEC/Introduccion_Desarrollo_Web/templat
[...]
b[0m\u001b[22m\n\u001b[2m\u001b[22m\n\u001b[2m      \u001b[2mat Object.toBeTruthy (\u001b[22m\u001b[2m\u001b[0m\u001b[36mtests/form.test.js\u001b[39m\u001b[0m\u001b[2m:143:22)\u001b[22m\u001b[2m\u001b[22m\n\n\u001b[1m\u001b[31m  \u001b[1m● \u001b[22m\u001b[1mLaboratorio 3 - Formulario de registro a PUCE Banco › 8. Campo Tipo de cuenta (1 punto) › El select debe tener opciones para Ahorros y Corriente\u001b[39m\u001b[22m\n\n    \u001b[2mexpect(\u001b[22m\u001b[31mreceived\u001b[39m\u001b[2m).\u001b[22mtoBeGreaterThanOrEqual\u001b[2m(\u001b[22m\u001b[32mexpected\u001b[39m\u001b[2m)\u001b[22m\n\n    Expected: >= \u001b[32m3\u001b[39m\n    Received:    \u001b[31m0\u001b[39m\n\u001b[2m\u001b[22m\n\u001b[2m    \u001b[0m \u001b[90m 148 |\u001b[39m     test(\u001b[32m'El select debe tener opciones para Ahorros y Corriente'\u001b[39m\u001b[33m,\u001b[39m () \u001b[33m=>\u001b[39m {\u001b[22m\n\u001b[2m     \u001b[90m 149 |\u001b[39m       \u001b[36mconst\u001b[39m options \u001b[33m=\u001b[39m document\u001b[33m.\u001b[39mquerySelectorAll(\u001b[32m'#tipoCuenta option'\u001b[39m)\u001b[33m;\u001b[39m\u001b[22m\n\u001b[2m    \u001b[31m\u001b[1m>\u001b[22m\u001b[2m\u001b[39m\u001b[90m 150 |\u001b[39m       expect(options\u001b[33m.\u001b[39mlength)\u001b[33m.\u001b[39mtoBeGreaterThanOrEqual(\u001b[35m3\u001b[39m)\u001b[33m;\u001b[39m \u001b[90m// Incluye opción vacía\u001b[39m\u001b[22m\n\u001b[2m     \u001b[90m     |\u001b[39m                              \u001b[31m\u001b[1m^\u001b[22m\u001b[2m\u001b[39m\u001b[22m\n\u001b[2m     \u001b[90m 151 |\u001b[39m       \u001b[22m\n\u001b[2m     \u001b[90m 152 |\u001b[39m       \u001b[36mconst\u001b[39m optionsText \u001b[33m=\u001b[39m \u001b[33mArray\u001b[39m\u001b[33m.\u001b[39m\u001b[36mfrom\u001b[39m(options)\u001b[33m.\u001b[39mmap(opt \u001b[33m=>\u001b[39m opt\u001b[33m.\u001b[39mtextContent\u001b[33m.\u001b[39mtoLowerCase())\u001b[33m;\u001b[39m\u001b[22m\n\u001b[2m     \u001b[90m 153 |\u001b[39m       expect(optionsText\u001b[33m.\u001b[39msome(text \u001b[33m=>\u001b[39m text\u001b[33m.\u001b[39mincludes(\u001b[32m'ahorros'\u001b[39m)))\u001b[33m.\u001b[39mtoBe(\u001b[36mtrue\u001b[39m)\u001b[33m;\u001b[39m\u001b[0m\u001b[22m\n\u001b[2m\u001b[22m\n\u001b[2m      \u001b[2mat Object.toBeGreaterThanOrEqual (\u001b[22m\u001b[2m\u001b[0m\u001b[36mtests/form.test.js\u001b[39m\u001b[0m\u001b[2m:150:30)\u001b[22m\u001b[2m\u001b[22m\n\n\u001b[1m\u001b[31m  \u001b[1m● \u001b[22m\u001b[1mLaboratorio 3 - Formulario de registro a PUCE Banco › 8. Campo Tipo de cuenta (1 punto) › Debe existir un label asociado al select\u001b[39m\u001b[22m\n\n    \u001b[2mexpect(\u001b[22m\u001b[31mreceived\u001b[39m\u001b[2m).\u001b[22mtoBeTruthy\u001b[2m()\u001b[22m\n\n    Received: \u001b[31mnull\u001b[39m\n\u001b[2m\u001b[22m\n\u001b[2m    \u001b[0m \u001b[90m 157 |\u001b[39m     test(\u001b[32m'Debe existir un label asociado al select'\u001b[39m\u001b[33m,\u001b[39m () \u001b[33m=>\u001b[39m {\u001b[22m\n\u001b[2m     \u001b[90m 158 |\u001b[39m       \u001b[36mconst\u001b[39m label \u001b[33m=\u001b[39m document\u001b[33m.\u001b[39mquerySelector(\u001b[32m'label[for=\"tipoCuenta\"]'\u001b[39m)\u001b[33m;\u001b[39m\u001b[22m\n\u001b[2m    \u001b[31m\u001b[1m>\u001b[22m\u001b[2m\u001b[39m\u001b[90m 159 |\u001b[39m       expect(label)\u001b[33m.\u001b[39mtoBeTruthy()\u001b[33m;\u001b[39m\u001b[22m\n\u001b[2m     \u001b[90m     |\u001b[39m                     \u001b[31m\u001b[1m^\u001b[22m\u001b[2m\u001b[39m\u001b[22m\n\u001b[2m     \u001b[90m 160 |\u001b[39m     })\u001b[33m;\u001b[39m\u001b[22m\n\u001b[2m     \u001b[90m 161 |\u001b[39m   })\u001b[33m;\u001b[39m\u001b[22m\n\u001b[2m     \u001b[90m 162 |\u001b[39m\u001b[0m\u001b[22m\n\u001b[2m\u001b[22m\n\u001b[2m      \u001b[2mat Object.toBeTruthy (\u001b[22m\u001b[2m\u001b[0m\u001b[36mtests/form.test.js\u001b[39m\u001b[0m\u001b[2m:159:21)\u001b[22m\u001b[2m\u001b[22m\n\n\u001b[1m\u001b[31m  \u001b[1m● \u001b[22m\u001b[1mLaboratorio 3 - Formulario de registro a PUCE Banco › 9. Campos de Dirección de domicilio (1 punto) › Debe existir fieldset con legend para dirección\u001b[39m\u001b[22m\n\n    \u001b[2mexpect(\u001b[22m\u001b[31mreceived\u001b[39m\u001b[2m).\u001b[22mtoBeTruthy\u001b[2m()\u001b[22m\n\n    Received: \u001b[31mnull\u001b[39m\n\u001b[2m\u001b[22m\n\u001b[2m    \u001b[0m \u001b[90m 165 |\u001b[39m     test(\u001b[32m'Debe existir fieldset con legend para dirección'\u001b[39m\u001b[33m,\u001b[39m () \u001b[33m=>\u001b[39m {\u001b[22m\n\u001b[2m     \u001b[90m 166 |\u001b[39m       \u001b[36mconst\u001b[39m fieldset \u001b[33m=\u001b[39m document\u001b[33m.\u001b[39mquerySelector(\u001b[32m'fieldset'\u001b[39m)\u001b[33m;\u001b[39m\u001b[22m\n\u001b[2m    \u001b[31m\u001b[1m>\u001b[22m\u001b[2m\u001b[39m\u001b[90m 167 |\u001b[39m       expect(fieldset)\u001b[33m.\u001b[39mtoBeTruthy()\u001b[33m;\u001b[39m\u001b[22m\n\u001b[2m     \u001b[90m     |\u001b[39m                        \u001b[31m\u001b[1m^\u001b[22m\u001b[2m\u001b[39m\u001b[22m\n\u001b[2m     \u001b[90m 168 |\u001b[39m       \u001b[22m\n\u001b[2m     \u001b[90m 169 |\u001b[39m       \u001b[36mconst\u001b[39m legend \u001b[33m=\u001b[39m fieldset\u001b[33m.\u001b[39mquerySelector(\u001b[32m'legend'\u001b[39m)\u001b[33m;\u001b[39m\u001b[22m\n\u001b[2m     \u001b[90m 170 |\u001b[39m       expect(legend)\u001b[33m.\u001b[39mtoBeTruthy()\u001b[33m;\u001b[39m\u001b[0m\u001b[22m\n\u001b[2m\u001b[22m\n\u001b[2m      \u001b[2mat Object.toBeTruthy (\u001b[22m\u001b[2m\u001b[0m\u001b[36mtests/form.test.js\u001b[39m\u001b[0m\u001b[2m:167:24)\u001b[22m\u001b[2m\u001b[22m\n\n\u001b[1m\u001b[31m  \u001b[1m● \u001b[22m\u001b[1mLaboratorio 3 - Formulario de registro a PUCE Banco › 9. Campos de Dirección de domicilio (1 punto) › Debe existir input con id=\"calle\"\u001b[39m\u001b[22m\n\n    \u001b[2mexpect(\u001b[22m\u001b[31mreceived\u001b[39m\u001b[2m).\u001b[22mtoBeTruthy\u001b[2m()\u001b[22m\n\n    Received: \u001b[31mnull\u001b[39m\n\u001b[2m\u001b[22m\n\u001b[2m    \u001b[0m \u001b[90m 174 |\u001b[39m     test(\u001b[32m'Debe existir input con id=\"calle\"'\u001b[39m\u001b[33m,\u001b[39m () \u001b[33m=>\u001b[39m {\u001b[22m\n\u001b[2m     \u001b[90m 175 |\u001b[39m       \u001b[36mconst\u001b[39m input \u001b[33m=\u001b[39m document\u001b[33m.\u001b[39mquerySelector(\u001b[32m'#calle'\u001b[39m)\u001b[33m;\u001b[39m\u001b[22m\n\u001b[2m    \u001b[31m\u001b[1m>\u001b[22m\u001b[2m\u001b[39m\u001b[90m 176 |\u001b[39m       expect(input)\u001b[33m.\u001b[39mtoBeTruthy()\u001b[33m;\u001b[39m\u001b[22m\n\u001b[2m     \u001b[90m     |\u001b[39m                     \u001b[31m\u001b[1m^\u001b[22m\u001b[2m\u001b[39m\u001b[22m\n\u001b[2m     \u001b[90m 177 |\u001b[39m       expect(input\u001b[33m.\u001b[39mhasAttribute(\u001b[32m'required'\u001b[39m))\u001b[33m.\u001b[39mtoBe(\u001b[36mtrue\u001b[39m)\u001b[33m;\u001b[39m\u001b[22m\n\u001b[2m     \u001b[90m 178 |\u001b[39m     })\u001b[33m;\u001b[39m\u001b[22m\n\u001b[2m     \u001b[90m 179 |\u001b[39m\u001b[0m\u001b[22m\n\u001b[2m\u001b[22m\n\u001b[2m      \u001b[2mat Object.toBeTruthy (\u001b[22m\u001b[2m\u001b[0m\u001b[36mtests/form.test.js\u001b[39m\u001b[0m\u001b[2m:176:21)\u001b[22m\u001b[2m\u001b[22m\n\n\u001b[1m\u001b[31m  \u001b[1m● \u001b[22m\u001b[1mLaboratorio 3 - Formulario de registro a PUCE Banco › 9. Campos de Dirección de domicilio (1 punto) › Debe existir input con id=\"numero\"\u001b[39m\u001b[22m\n\n    \u001b[2mexpect(\u001b[22m\u001b[31mreceived\u001b[39m\u001b[2m).\u001b[22mtoBeTruthy\u001b[2m()\u001b[22m\n\n    Received: \u001b[31mnull\u001b[39m\n\u001b[2m\u001b[22m\n\u001b[2m    \u001b[0m \u001b[90m 180 |\u001b[39m     test(\u001b[32m'Debe existir input con id=\"numero\"'\u001b[39m\u001b[33m,\u001b[39m () \u001b[33m=>\u001b[39m {\u001b[22m\n\u001b[2m     \u001b[90m 181 |\u001b[39m       \u001b[36mconst\u001b[39m input \u001b[33m=\u001b[39m document\u001b[33m.\u001b[39mquerySelector(\u001b[32m'#numero'\u001b[39m)\u001b[33m;\u001b[39m\u001b[22m\n\u001b[2m    \u001b[31m\u001b[1m>\u001b[22m\u001b[2m\u001b[39m\u001b[90m 182 |\u001b[39m       expect(input)\u001b[33m.\u001b[39mtoBeTruthy()\u001b[33m;\u001b[39m\u001b[22m\n\u001b[2m     \u001b[90m     |\u001b[39m                     \u001b[31m\u001b[1m^\u001b[22m\u001b[2m\u001b[39m\u001b[22m\n\u001b[2m     \u001b[90m 183 |\u001b[39m       expect(input\u001b[33m.\u001b[39mhasAttribute(\u001b[32m'required'\u001b[39m))\u001b[33m.\u001b[39mtoBe(\u001b[36mtrue\u001b[39m)\u001b[33m;\u001b[39m\u001b[22m\n\u001b[2m     \u001b[90m 184 |\u001b[39m     })\u001b[33m;\u001b[39m\u001b[22m\n\u001b[2m     \u001b[90m 185 |\u001b[39m\u001b[0m\u001b[22m\n\u001b[2m\u001b[22m\n\u001b[2m      \u001b[2mat Object.toBeTruthy (\u001b[22m\u001b[2m\u001b[0m\u001b[36mtests/form.test.js\u001b[39m\u001b[0m\u001b[2m:182:21)\u001b[22m\u001b[2m\u001b[22m\n\n\u001b[1m\u001b[31m  \u001b[1m● \u001b[22m\u001b[1mLaboratorio 3 - Formulario de registro a PUCE Banco › 9. Campos de Dirección de domicilio (1 punto) › Debe existir input con id=\"interseccion\"\u001b[39m\u001b[22m\n\n    \u001b[2mexpect(\u001b[22m\u001b[31mreceived\u001b[39m\u001b[2m).\u001b[22mtoBeTruthy\u001b[2m()\u001b[22m\n\n    Received: \u001b[31mnull\u001b[39m\n\u001b[2m\u001b[22m\n\u001b[2m    \u001b[0m \u001b[90m 186 |\u001b[39m     test(\u001b[32m'Debe existir input con id=\"interseccion\"'\u001b[39m\u001b[33m,\u001b[39m () \u001b[33m=>\u001b[39m {\u001b[22m\n\u001b[2m     \u001b[90m 187 |\u001b[39m       \u001b[36mconst\u001b[39m input \u001b[33m=\u001b[39m document\u001b[33m.\u001b[39mquerySelector(\u001b[32m'#interseccion'\u001b[39m)\u001b[33m;\u001b[39m\u001b[22m\n\u001b[2m    \u001b[31m\u001b[1m>\u001b[22m\u001b[2m\u001b[39m\u001b[90m 188 |\u001b[39m       expect(input)\u001b[33m.\u001b[39mtoBeTruthy()\u001b[33m;\u001b[39m\u001b[22m\n\u001b[2m     \u001b[90m     |\u001b[39m                     \u001b[31m\u001b[1m^\u001b[22m\u001b[2m\u001b[39m\u001b[22m\n\u001b[2m     \u001b[90m 189 |\u001b[39m       expect(input\u001b[33m.\u001b[39mhasAttribute(\u001b[32m'required'\u001b[39m))\u001b[33m.\u001b[39mtoBe(\u001b[36mtrue\u001b[39m)\u001b[33m;\u001b[39m\u001b[22m\n\u001b[2m     \u001b[90m 190 |\u001b[39m     })\u001b[33m;\u001b[39m\u001b[22m\n\u001b[2m     \u001b[90m 191 |\u001b[39m\u001b[0m\u001b[22m\n\u001b[2m\u001b[22m\n\u001b[2m      \u001b[2mat Object.toBeTruthy (\u001b[22m\u001b[2m\u001b[0m\u001b[36mtests/form.test.js\u001b[39m\u001b[0m\u001b[2m:188:21)\u001b[22m\u001b[2m\u001b[22m\n\n\u001b[1m\u001b[31m  \u001b[1m● \u001b[22m\u001b[1mLaboratorio 3 - Formulario de registro a PUCE Banco › 9. Campos de Dirección de domicilio (1 punto) › Deben existir labels para calle, número e intersección\u001b[39m\u001b[22m\n\n    \u001b[2mexpect(\u001b[22m\u001b[31mreceived\u001b[39m\u001b[2m).\u001b[22mtoBeTruthy\u001b[2m()\u001b[22m\n\n    Received: \u001b[31mnull\u001b[39m\n\u001b[2m\u001b[22m\n\u001b[2m    \u001b[0m \u001b[90m 195 |\u001b[39m       \u001b[36mconst\u001b[39m labelInterseccion \u001b[33m=\u001b[39m document\u001b[33m.\u001b[39mquerySelector(\u001b[32m'label[for=\"interseccion\"]'\u001b[39m)\u001b[33m;\u001b[39m\u001b[22m\n\u001b[2m     \u001b[90m 196 |\u001b[39m       \u001b[22m\n\u001b[2m    \u001b[31m\u001b[1m>\u001b[22m\u001b[2m\u001b[39m\u001b[90m 197 |\u001b[39m       expect(labelCalle)\u001b[33m.\u001b[39mtoBeTruthy()\u001b[33m;\u001b[39m\u001b[22m\n\u001b[2m     \u001b[90m     |\u001b[39m                          \u001b[31m\u001b[1m^\u001b[22m\u001b[2m\u001b[39m\u001b[22m\n\u001b[2m     \u001b[90m 198 |\u001b[39m       expect(labelNumero)\u001b[33m.\u001b[39mtoBeTruthy()\u001b[33m;\u001b[39m\u001b[22m\n\u001b[2m     \u001b[90m 199 |\u001b[39m       expect(labelInterseccion)\u001b[33m.\u001b[39mtoBeTruthy()\u001b[33m;\u001b[39m\u001b[22m\n\u001b[2m     \u001b[90m 200 |\u001b[39m     })\u001b[33m;\u001b[39m\u001b[0m\u001b[22m\n\u001b[2m\u001b[22m\n\u001b[2m      \u001b[2mat Object.toBeTruthy (\u001b[22m\u001b[2m\u001b[0m\u001b[36mtests/form.test.js\u001b[39m\u001b[0m\u001b[2m:197:26)\u001b[22m\u001b[2m\u001b[22m\n\n\u001b[1m\u001b[31m  \u001b[1m● \u001b[22m\u001b[1mLaboratorio 3 - Formulario de registro a PUCE Banco › 10. Campo Foto (1 punto) › Debe existir input type=\"file\" con id=\"foto\"\u001b[39m\u001b[22m\n\n    \u001b[2mexpect(\u001b[22m\u001b[31mreceived\u001b[39m\u001b[2m).\u001b[22mtoBeTruthy\u001b[2m()\u001b[22m\n\n    Received: \u001b[31mnull\u001b[39m\n\u001b[2m\u001b[22m\n\u001b[2m    \u001b[0m \u001b[90m 205 |\u001b[39m     test(\u001b[32m'Debe existir input type=\"file\" con id=\"foto\"'\u001b[39m\u001b[33m,\u001b[39m () \u001b[33m=>\u001b[39m {\u001b[22m\n\u001b[2m     \u001b[90m 206 |\u001b[39m       \u001b[36mconst\u001b[39m input \u001b[33m=\u001b[39m document\u001b[33m.\u001b[39mquerySelector(\u001b[32m'#foto'\u001b[39m)\u001b[33m;\u001b[39m\u001b[22m\n\u001b[2m    \u001b[31m\u001b[1m>\u001b[22m\u001b[2m\u001b[39m\u001b[90m 207 |\u001b[39m       expect(input)\u001b[33m.\u001b[39mtoBeTruthy()\u001b[33m;\u001b[39m\u001b[22m\n\u001b[2m     \u001b[90m     |\u001b[39m                     \u001b[31m\u001b[1m^\u001b[22m\u001b[2m\u001b[39m\u001b[22m\n\u001b[2m     \u001b[90m 208 |\u001b[39m       expect(input\u001b[33m.\u001b[39mgetAttribute(\u001b[32m'type'\u001b[39m))\u001b[33m.\u001b[39mtoBe(\u001b[32m'file'\u001b[39m)\u001b[33m;\u001b[39m\u001b[22m\n\u001b[2m     \u001b[90m 209 |\u001b[39m     })\u001b[33m;\u001b[39m\u001b[22m\n\u001b[2m     \u001b[90m 210 |\u001b[39m\u001b[0m\u001b[22m\n\u001b[2m\u001b[22m\n\u001b[2m      \u001b[2mat Object.toBeTruthy (\u001b[22m\u001b[2m\u001b[0m\u001b[36mtests/form.test.js\u001b[39m\u001b[0m\u001b[2m:207:21)\u001b[22m\u001b[2m\u001b[22m\n\n\u001b[1m\u001b[31m  \u001b[1m● \u001b[22m\u001b[1mLaboratorio 3 - Formulario de registro a PUCE Banco › 10. Campo Foto (1 punto) › El input file debe aceptar imágenes\u001b[39m\u001b[22m\n\n    TypeError: Cannot read properties of null (reading 'getAttribute')\n\u001b[2m\u001b[22m\n\u001b[2m    \u001b[0m \u001b[90m 211 |\u001b[39m     test(\u001b[32m'El input file debe aceptar imágenes'\u001b[39m\u001b[33m,\u001b[39m () \u001b[33m=>\u001b[39m {\u001b[22m\n\u001b[2m     \u001b[90m 212 |\u001b[39m       \u001b[36mconst\u001b[39m input \u001b[33m=\u001b[39m document\u001b[33m.\u001b[39mquerySelector(\u001b[32m'#foto'\u001b[39m)\u001b[33m;\u001b[39m\u001b[22m\n\u001b[2m    \u001b[31m\u001b[1m>\u001b[22m\u001b[2m\u001b[39m\u001b[90m 213 |\u001b[39m       \u001b[36mconst\u001b[39m accept \u001b[33m=\u001b[39m input\u001b[33m.\u001b[39mgetAttribute(\u001b[32m'accept'\u001b[39m)\u001b[33m;\u001b[39m\u001b[22m\n\u001b[2m     \u001b[90m     |\u001b[39m                            \u001b[31m\u001b[1m^\u001b[22m\u001b[2m\u001b[39m\u001b[22m\n\u001b[2m     \u001b[90m 214 |\u001b[39m       expect(accept)\u001b[33m.\u001b[39mtoBeTruthy()\u001b[33m;\u001b[39m\u001b[22m\n\u001b[2m     \u001b[90m 215 |\u001b[39m       expect(accept)\u001b[33m.\u001b[39mtoMatch(\u001b[35m/image/i\u001b[39m)\u001b[33m;\u001b[39m\u001b[22m\n\u001b[2m     \u001b[90m 216 |\u001b[39m     })\u001b[33m;\u001b[39m\u001b[0m\u001b[22m\n\u001b[2m\u001b[22m\n\u001b[2m      \u001b[2mat Object.getAttribute (\u001b[22m\u001b[2m\u001b[0m\u001b[36mtests/form.test.js\u001b[39m\u001b[0m\u001b[2m:213:28)\u001b[22m\u001b[2m\u001b[22m\n\n\u001b[1m\u001b[31m  \u001b[1m● \u001b[22m\u001b[1mLaboratorio 3 - Formulario de registro a PUCE Banco › 10. Campo Foto (1 punto) › Debe existir un label asociado al campo foto\u001b[39m\u001b[22m\n\n    \u001b[2mexpect(\u001b[22m\u001b[31mreceived\u001b[39m\u001b[2m).\u001b[22mtoBeTruthy\u001b[2m()\u001b[22m\n\n    Received: \u001b[31mnull\u001b[39m\n\u001b[2m\u001b[22m\n\u001b[2m    \u001b[0m \u001b[90m 218 |\u001b[39m     test(\u001b[32m'Debe existir un label asociado al campo foto'\u001b[39m\u001b[33m,\u001b[39m () \u001b[33m=>\u001b[39m {\u001b[22m\n\u001b[2m     \u001b[90m 219 |\u001b[39m       \u001b[36mconst\u001b[39m label \u001b[33m=\u001b[39m document\u001b[33m.\u001b[39mquerySelector(\u001b[32m'label[for=\"foto\"]'\u001b[39m)\u001b[33m;\u001b[39m\u001b[22m\n\u001b[2m    \u001b[31m\u001b[1m>\u001b[22m\u001b[2m\u001b[39m\u001b[90m 220 |\u001b[39m       expect(label)\u001b[33m.\u001b[39mtoBeTruthy()\u001b[33m;\u001b[39m\u001b[22m\n\u001b[2m     \u001b[90m     |\u001b[39m                     \u001b[31m\u001b[1m^\u001b[22m\u001b[2m\u001b[39m\u001b[22m\n\u001b[2m     \u001b[90m 221 |\u001b[39m     })\u001b[33m;\u001b[39m\u001b[22m\n\u001b[2m     \u001b[90m 222 |\u001b[39m   })\u001b[33m;\u001b[39m\u001b[22m\n\u001b[2m     \u001b[90m 223 |\u001b[39m\u001b[0m\u001b[22m\n\u001b[2m\u001b[22m\n\u001b[2m      \u001b[2mat Object.toBeTruthy (\u001b[22m\u001b[2m\u001b[0m\u001b[36mtests/form.test.js\u001b[39m\u001b[0m\u001b[2m:220:21)\u001b[22m\u001b[2m\u001b[22m\n\n\u001b[1m\u001b[31m  \u001b[1m● \u001b[22m\u001b[1mLaboratorio 3 - Formulario de registro a PUCE Banco › 11. Botón Confirmar (1 punto) › Debe existir un botón de tipo submit\u001b[39m\u001b[22m\n\n    \u001b[2mexpect(\u001b[22m\u001b[31mreceived\u001b[39m\u001b[2m).\u001b[22mtoBeTruthy\u001b[2m()\u001b[22m\n\n    Received: \u001b[31mnull\u001b[39m\n\u001b[2m\u001b[22m\n\u001b[2m    \u001b[0m \u001b[90m 226 |\u001b[39m     test(\u001b[32m'Debe existir un botón de tipo submit'\u001b[39m\u001b[33m,\u001b[39m () \u001b[33m=>\u001b[39m {\u001b[22m\n\u001b[2m     \u001b[90m 227 |\u001b[39m       \u001b[36mconst\u001b[39m button \u001b[33m=\u001b[39m document\u001b[33m.\u001b[39mquerySelector(\u001b[32m'button[type=\"submit\"]'\u001b[39m)\u001b[33m;\u001b[39m\u001b[22m\n\u001b[2m    \u001b[31m\u001b[1m>\u001b[22m\u001b[2m\u001b[39m\u001b[90m 228 |\u001b[39m       expect(button)\u001b[33m.\u001b[39mtoBeTruthy()\u001b[33m;\u001b[39m\u001b[22m\n\u001b[2m     \u001b[90m     |\u001b[39m                      \u001b[31m\u001b[1m^\u001b[22m\u001b[2m\u001b[39m\u001b[22m\n\u001b[2m     \u001b[90m 229 |\u001b[39m     })\u001b[33m;\u001b[39m\u001b[22m\n\u001b[2m     \u001b[90m 230 |\u001b[39m\u001b[22m\n\u001b[2m     \u001b[90m 231 |\u001b[39m     test(\u001b[32m'El botón debe tener texto \"Confirmar\"'\u001b[39m\u001b[33m,\u001b[39m () \u001b[33m=>\u001b[39m {\u001b[0m\u001b[22m\n\u001b[2m\u001b[22m\n\u001b[2m      \u001b[2mat Object.toBeTruthy (\u001b[22m\u001b[2m\u001b[0m\u001b[36mtests/form.test.js\u001b[39m\u001b[0m\u001b[2m:228:22)\u001b[22m\u001b[2m\u001b[22m\n\n\u001b[1m\u001b[31m  \u001b[1m● \u001b[22m\u001b[1mLaboratorio 3 - Formulario de registro a PUCE Banco › 11. Botón Confirmar (1 punto) › El botón debe tener texto \"Confirmar\"\u001b[39m\u001b[22m\n\n    TypeError: Cannot read properties of null (reading 'textContent')\n\u001b[2m\u001b[22m\n\u001b[2m    \u001b[0m \u001b[90m 231 |\u001b[39m     test(\u001b[32m'El botón debe tener texto \"Confirmar\"'\u001b[39m\u001b[33m,\u001b[39m () \u001b[33m=>\u001b[39m {\u001b[22m\n\u001b[2m     \u001b[90m 232 |\u001b[39m       \u001b[36mconst\u001b[39m button \u001b[33m=\u001b[39m document\u001b[33m.\u001b[39mquerySelector(\u001b[32m'button[type=\"submit\"]'\u001b[39m)\u001b[33m;\u001b[39m\u001b[22m\n\u001b[2m    \u001b[31m\u001b[1m>\u001b[22m\u001b[2m\u001b[39m\u001b[90m 233 |\u001b[39m       expect(button\u001b[33m.\u001b[39mtextContent)\u001b[33m.\u001b[39mtoMatch(\u001b[35m/confirmar/i\u001b[39m)\u001b[33m;\u001b[39m\u001b[22m\n\u001b[2m     \u001b[90m     |\u001b[39m                     \u001b[31m\u001b[1m^\u001b[22m\u001b[2m\u001b[39m\u001b[22m\n\u001b[2m     \u001b[90m 234 |\u001b[39m     })\u001b[33m;\u001b[39m\u001b[22m\n\u001b[2m     \u001b[90m 235 |\u001b[39m   })\u001b[33m;\u001b[39m\u001b[22m\n\u001b[2m     \u001b[90m 236 |\u001b[39m })\u001b[33m;\u001b[39m\u001b[0m\u001b[22m\n\u001b[2m\u001b[22m\n\u001b[2m      \u001b[2mat Object.textContent (\u001b[22m\u001b[2m\u001b[0m\u001b[36mtests/form.test.js\u001b[39m\u001b[0m\u001b[2m:233:21)\u001b[22m\u001b[2m\u001b[22m\n","name":"/Users/pabloperezmartinez/Sites/PUCETEC/Introduccion_Desarrollo_Web/template_labs/lab3-template/tests/form.test.js","startTime":1763528995094,"status":"failed","summary":""}],"wasInterrupted":false}
